{"/home/pablo/cyberops-v2/src/commands/index.ts": {"path":"/home/pablo/cyberops-v2/src/commands/index.ts","statementMap":{"0":{"start":{"line":24,"column":33},"end":{"line":24,"column":null}},"1":{"start":{"line":27,"column":28},"end":{"line":78,"column":null}},"2":{"start":{"line":53,"column":6},"end":{"line":66,"column":null}},"3":{"start":{"line":54,"column":21},"end":{"line":54,"column":null}},"4":{"start":{"line":55,"column":14},"end":{"line":55,"column":null}},"5":{"start":{"line":56,"column":8},"end":{"line":64,"column":null}},"6":{"start":{"line":57,"column":21},"end":{"line":57,"column":null}},"7":{"start":{"line":58,"column":10},"end":{"line":62,"column":null}},"8":{"start":{"line":59,"column":32},"end":{"line":59,"column":null}},"9":{"start":{"line":61,"column":12},"end":{"line":61,"column":null}},"10":{"start":{"line":63,"column":10},"end":{"line":63,"column":null}},"11":{"start":{"line":65,"column":8},"end":{"line":65,"column":null}},"12":{"start":{"line":67,"column":21},"end":{"line":67,"column":null}},"13":{"start":{"line":68,"column":6},"end":{"line":74,"column":null}},"14":{"start":{"line":69,"column":19},"end":{"line":69,"column":null}},"15":{"start":{"line":70,"column":8},"end":{"line":72,"column":null}},"16":{"start":{"line":71,"column":10},"end":{"line":71,"column":null}},"17":{"start":{"line":73,"column":8},"end":{"line":73,"column":null}},"18":{"start":{"line":75,"column":6},"end":{"line":75,"column":null}},"19":{"start":{"line":80,"column":30},"end":{"line":117,"column":null}},"20":{"start":{"line":89,"column":16},"end":{"line":89,"column":null}},"21":{"start":{"line":90,"column":18},"end":{"line":90,"column":null}},"22":{"start":{"line":91,"column":15},"end":{"line":91,"column":null}},"23":{"start":{"line":95,"column":30},"end":{"line":95,"column":null}},"24":{"start":{"line":98,"column":2},"end":{"line":108,"column":null}},"25":{"start":{"line":99,"column":19},"end":{"line":99,"column":null}},"26":{"start":{"line":99,"column":38},"end":{"line":99,"column":61}},"27":{"start":{"line":100,"column":4},"end":{"line":100,"column":null}},"28":{"start":{"line":102,"column":16},"end":{"line":102,"column":null}},"29":{"start":{"line":102,"column":35},"end":{"line":102,"column":53}},"30":{"start":{"line":103,"column":4},"end":{"line":106,"column":null}},"31":{"start":{"line":103,"column":14},"end":{"line":106,"column":null}},"32":{"start":{"line":107,"column":4},"end":{"line":107,"column":null}},"33":{"start":{"line":112,"column":2},"end":{"line":114,"column":null}},"34":{"start":{"line":113,"column":4},"end":{"line":113,"column":null}},"35":{"start":{"line":116,"column":2},"end":{"line":116,"column":null}},"36":{"start":{"line":120,"column":29},"end":{"line":120,"column":null}},"37":{"start":{"line":120,"column":37},"end":{"line":120,"column":55}},"38":{"start":{"line":123,"column":31},"end":{"line":123,"column":null}},"39":{"start":{"line":123,"column":67},"end":{"line":123,"column":92}},"40":{"start":{"line":126,"column":27},"end":{"line":126,"column":null}},"41":{"start":{"line":126,"column":33},"end":{"line":126,"column":null}},"42":{"start":{"line":129,"column":28},"end":{"line":145,"column":null}},"43":{"start":{"line":130,"column":2},"end":{"line":130,"column":null}},"44":{"start":{"line":130,"column":26},"end":{"line":130,"column":null}},"45":{"start":{"line":132,"column":2},"end":{"line":134,"column":null}},"46":{"start":{"line":133,"column":4},"end":{"line":133,"column":null}},"47":{"start":{"line":136,"column":2},"end":{"line":138,"column":null}},"48":{"start":{"line":137,"column":4},"end":{"line":137,"column":null}},"49":{"start":{"line":139,"column":2},"end":{"line":143,"column":null}},"50":{"start":{"line":140,"column":18},"end":{"line":140,"column":null}},"51":{"start":{"line":141,"column":17},"end":{"line":141,"column":null}},"52":{"start":{"line":142,"column":4},"end":{"line":142,"column":null}},"53":{"start":{"line":144,"column":2},"end":{"line":144,"column":null}},"54":{"start":{"line":148,"column":27},"end":{"line":148,"column":null}},"55":{"start":{"line":148,"column":33},"end":{"line":148,"column":null}}},"fnMap":{"0":{"name":"(anonymous_0)","decl":{"start":{"line":52,"column":13},"end":{"line":52,"column":14}},"loc":{"start":{"line":52,"column":28},"end":{"line":76,"column":null}},"line":52},"1":{"name":"(anonymous_1)","decl":{"start":{"line":80,"column":30},"end":{"line":80,"column":null}},"loc":{"start":{"line":88,"column":22},"end":{"line":117,"column":null}},"line":88},"2":{"name":"(anonymous_2)","decl":{"start":{"line":99,"column":33},"end":{"line":99,"column":38}},"loc":{"start":{"line":99,"column":38},"end":{"line":99,"column":61}},"line":99},"3":{"name":"(anonymous_3)","decl":{"start":{"line":102,"column":30},"end":{"line":102,"column":35}},"loc":{"start":{"line":102,"column":35},"end":{"line":102,"column":53}},"line":102},"4":{"name":"(anonymous_4)","decl":{"start":{"line":120,"column":29},"end":{"line":120,"column":35}},"loc":{"start":{"line":120,"column":35},"end":{"line":120,"column":null}},"line":120},"5":{"name":"(anonymous_5)","decl":{"start":{"line":123,"column":31},"end":{"line":123,"column":32}},"loc":{"start":{"line":123,"column":65},"end":{"line":123,"column":null}},"line":123},"6":{"name":"(anonymous_6)","decl":{"start":{"line":126,"column":27},"end":{"line":126,"column":33}},"loc":{"start":{"line":126,"column":33},"end":{"line":126,"column":null}},"line":126},"7":{"name":"(anonymous_7)","decl":{"start":{"line":129,"column":28},"end":{"line":129,"column":34}},"loc":{"start":{"line":129,"column":34},"end":{"line":145,"column":null}},"line":129},"8":{"name":"(anonymous_8)","decl":{"start":{"line":148,"column":27},"end":{"line":148,"column":33}},"loc":{"start":{"line":148,"column":33},"end":{"line":148,"column":null}},"line":148}},"branchMap":{"0":{"loc":{"start":{"line":53,"column":6},"end":{"line":66,"column":null}},"type":"if","locations":[{"start":{"line":53,"column":6},"end":{"line":66,"column":null}},{"start":{},"end":{}}],"line":53},"1":{"loc":{"start":{"line":56,"column":8},"end":{"line":64,"column":null}},"type":"if","locations":[{"start":{"line":56,"column":8},"end":{"line":64,"column":null}},{"start":{},"end":{}}],"line":56},"2":{"loc":{"start":{"line":61,"column":24},"end":{"line":61,"column":null}},"type":"cond-expr","locations":[{"start":{"line":61,"column":45},"end":{"line":61,"column":59}},{"start":{"line":61,"column":59},"end":{"line":61,"column":null}}],"line":61},"3":{"loc":{"start":{"line":68,"column":6},"end":{"line":74,"column":null}},"type":"if","locations":[{"start":{"line":68,"column":6},"end":{"line":74,"column":null}},{"start":{},"end":{}}],"line":68},"4":{"loc":{"start":{"line":86,"column":2},"end":{"line":86,"column":null}},"type":"default-arg","locations":[{"start":{"line":86,"column":23},"end":{"line":86,"column":null}}],"line":86},"5":{"loc":{"start":{"line":98,"column":2},"end":{"line":108,"column":null}},"type":"if","locations":[{"start":{"line":98,"column":2},"end":{"line":108,"column":null}},{"start":{"line":101,"column":9},"end":{"line":108,"column":null}}],"line":98},"6":{"loc":{"start":{"line":103,"column":4},"end":{"line":106,"column":null}},"type":"if","locations":[{"start":{"line":103,"column":4},"end":{"line":106,"column":null}},{"start":{},"end":{}}],"line":103},"7":{"loc":{"start":{"line":112,"column":2},"end":{"line":114,"column":null}},"type":"if","locations":[{"start":{"line":112,"column":2},"end":{"line":114,"column":null}},{"start":{},"end":{}}],"line":112},"8":{"loc":{"start":{"line":130,"column":2},"end":{"line":130,"column":null}},"type":"if","locations":[{"start":{"line":130,"column":2},"end":{"line":130,"column":null}},{"start":{},"end":{}}],"line":130},"9":{"loc":{"start":{"line":132,"column":2},"end":{"line":134,"column":null}},"type":"if","locations":[{"start":{"line":132,"column":2},"end":{"line":134,"column":null}},{"start":{},"end":{}}],"line":132},"10":{"loc":{"start":{"line":136,"column":2},"end":{"line":138,"column":null}},"type":"if","locations":[{"start":{"line":136,"column":2},"end":{"line":138,"column":null}},{"start":{},"end":{}}],"line":136},"11":{"loc":{"start":{"line":139,"column":2},"end":{"line":143,"column":null}},"type":"if","locations":[{"start":{"line":139,"column":2},"end":{"line":143,"column":null}},{"start":{},"end":{}}],"line":139},"12":{"loc":{"start":{"line":141,"column":17},"end":{"line":141,"column":null}},"type":"cond-expr","locations":[{"start":{"line":141,"column":60},"end":{"line":141,"column":74}},{"start":{"line":141,"column":74},"end":{"line":141,"column":null}}],"line":141},"13":{"loc":{"start":{"line":148,"column":33},"end":{"line":148,"column":null}},"type":"cond-expr","locations":[{"start":{"line":148,"column":45},"end":{"line":148,"column":66}},{"start":{"line":148,"column":66},"end":{"line":148,"column":null}}],"line":148}},"s":{"0":4,"1":4,"2":16,"3":14,"4":14,"5":14,"6":14,"7":14,"8":14,"9":14,"10":14,"11":0,"12":2,"13":2,"14":2,"15":2,"16":2,"17":2,"18":0,"19":4,"20":88,"21":88,"22":88,"23":88,"24":88,"25":14,"26":280,"27":14,"28":74,"29":937,"30":74,"31":4,"32":70,"33":84,"34":7,"35":84,"36":4,"37":47,"38":4,"39":0,"40":4,"41":252,"42":4,"43":1,"44":0,"45":1,"46":0,"47":1,"48":0,"49":1,"50":1,"51":1,"52":1,"53":0,"54":4,"55":0},"f":{"0":16,"1":88,"2":280,"3":937,"4":47,"5":0,"6":252,"7":1,"8":0},"b":{"0":[14,2],"1":[14,0],"2":[14,0],"3":[2,0],"4":[88],"5":[14,74],"6":[4,70],"7":[7,77],"8":[0,1],"9":[0,1],"10":[0,1],"11":[1,0],"12":[0,1],"13":[0,0]},"meta":{"lastBranch":14,"lastFunction":9,"lastStatement":56,"seen":{"s:24:33:24:Infinity":0,"s:27:28:78:Infinity":1,"f:52:13:52:14":0,"b:53:6:66:Infinity:undefined:undefined:undefined:undefined":0,"s:53:6:66:Infinity":2,"s:54:21:54:Infinity":3,"s:55:14:55:Infinity":4,"b:56:8:64:Infinity:undefined:undefined:undefined:undefined":1,"s:56:8:64:Infinity":5,"s:57:21:57:Infinity":6,"s:58:10:62:Infinity":7,"s:59:32:59:Infinity":8,"s:61:12:61:Infinity":9,"b:61:45:61:59:61:59:61:Infinity":2,"s:63:10:63:Infinity":10,"s:65:8:65:Infinity":11,"s:67:21:67:Infinity":12,"b:68:6:74:Infinity:undefined:undefined:undefined:undefined":3,"s:68:6:74:Infinity":13,"s:69:19:69:Infinity":14,"s:70:8:72:Infinity":15,"s:71:10:71:Infinity":16,"s:73:8:73:Infinity":17,"s:75:6:75:Infinity":18,"s:80:30:117:Infinity":19,"f:80:30:80:Infinity":1,"b:86:23:86:Infinity":4,"s:89:16:89:Infinity":20,"s:90:18:90:Infinity":21,"s:91:15:91:Infinity":22,"s:95:30:95:Infinity":23,"b:98:2:108:Infinity:101:9:108:Infinity":5,"s:98:2:108:Infinity":24,"s:99:19:99:Infinity":25,"f:99:33:99:38":2,"s:99:38:99:61":26,"s:100:4:100:Infinity":27,"s:102:16:102:Infinity":28,"f:102:30:102:35":3,"s:102:35:102:53":29,"b:103:4:106:Infinity:undefined:undefined:undefined:undefined":6,"s:103:4:106:Infinity":30,"s:103:14:106:Infinity":31,"s:107:4:107:Infinity":32,"b:112:2:114:Infinity:undefined:undefined:undefined:undefined":7,"s:112:2:114:Infinity":33,"s:113:4:113:Infinity":34,"s:116:2:116:Infinity":35,"s:120:29:120:Infinity":36,"f:120:29:120:35":4,"s:120:37:120:55":37,"s:123:31:123:Infinity":38,"f:123:31:123:32":5,"s:123:67:123:92":39,"s:126:27:126:Infinity":40,"f:126:27:126:33":6,"s:126:33:126:Infinity":41,"s:129:28:145:Infinity":42,"f:129:28:129:34":7,"b:130:2:130:Infinity:undefined:undefined:undefined:undefined":8,"s:130:2:130:Infinity":43,"s:130:26:130:Infinity":44,"b:132:2:134:Infinity:undefined:undefined:undefined:undefined":9,"s:132:2:134:Infinity":45,"s:133:4:133:Infinity":46,"b:136:2:138:Infinity:undefined:undefined:undefined:undefined":10,"s:136:2:138:Infinity":47,"s:137:4:137:Infinity":48,"b:139:2:143:Infinity:undefined:undefined:undefined:undefined":11,"s:139:2:143:Infinity":49,"s:140:18:140:Infinity":50,"s:141:17:141:Infinity":51,"b:141:60:141:74:141:74:141:Infinity":12,"s:142:4:142:Infinity":52,"s:144:2:144:Infinity":53,"s:148:27:148:Infinity":54,"f:148:27:148:33":8,"s:148:33:148:Infinity":55,"b:148:45:148:66:148:66:148:Infinity":13}}}
,"/home/pablo/cyberops-v2/src/commands/builtin/cat.ts": {"path":"/home/pablo/cyberops-v2/src/commands/builtin/cat.ts","statementMap":{"0":{"start":{"line":9,"column":19},"end":{"line":9,"column":null}},"1":{"start":{"line":11,"column":2},"end":{"line":13,"column":null}},"2":{"start":{"line":12,"column":4},"end":{"line":12,"column":null}},"3":{"start":{"line":14,"column":2},"end":{"line":14,"column":null}},"4":{"start":{"line":17,"column":23},"end":{"line":74,"column":null}},"5":{"start":{"line":20,"column":4},"end":{"line":20,"column":null}},"6":{"start":{"line":20,"column":18},"end":{"line":20,"column":null}},"7":{"start":{"line":22,"column":26},"end":{"line":22,"column":null}},"8":{"start":{"line":25,"column":4},"end":{"line":27,"column":null}},"9":{"start":{"line":26,"column":6},"end":{"line":26,"column":null}},"10":{"start":{"line":30,"column":17},"end":{"line":38,"column":null}},"11":{"start":{"line":32,"column":6},"end":{"line":32,"column":null}},"12":{"start":{"line":32,"column":36},"end":{"line":32,"column":null}},"13":{"start":{"line":33,"column":6},"end":{"line":33,"column":null}},"14":{"start":{"line":33,"column":30},"end":{"line":33,"column":null}},"15":{"start":{"line":35,"column":6},"end":{"line":35,"column":null}},"16":{"start":{"line":35,"column":48},"end":{"line":35,"column":null}},"17":{"start":{"line":36,"column":6},"end":{"line":36,"column":null}},"18":{"start":{"line":36,"column":42},"end":{"line":36,"column":null}},"19":{"start":{"line":37,"column":6},"end":{"line":37,"column":null}},"20":{"start":{"line":40,"column":4},"end":{"line":42,"column":null}},"21":{"start":{"line":41,"column":6},"end":{"line":41,"column":null}},"22":{"start":{"line":45,"column":18},"end":{"line":45,"column":null}},"23":{"start":{"line":46,"column":4},"end":{"line":48,"column":null}},"24":{"start":{"line":47,"column":6},"end":{"line":47,"column":null}},"25":{"start":{"line":52,"column":22},"end":{"line":52,"column":null}},"26":{"start":{"line":53,"column":19},"end":{"line":53,"column":null}},"27":{"start":{"line":55,"column":4},"end":{"line":70,"column":null}},"28":{"start":{"line":56,"column":6},"end":{"line":69,"column":null}},"29":{"start":{"line":57,"column":21},"end":{"line":67,"column":null}},"30":{"start":{"line":58,"column":24},"end":{"line":58,"column":null}},"31":{"start":{"line":59,"column":24},"end":{"line":59,"column":null}},"32":{"start":{"line":60,"column":10},"end":{"line":62,"column":null}},"33":{"start":{"line":61,"column":12},"end":{"line":61,"column":null}},"34":{"start":{"line":63,"column":10},"end":{"line":65,"column":null}},"35":{"start":{"line":64,"column":12},"end":{"line":64,"column":null}},"36":{"start":{"line":66,"column":10},"end":{"line":66,"column":null}},"37":{"start":{"line":68,"column":8},"end":{"line":68,"column":null}},"38":{"start":{"line":68,"column":20},"end":{"line":68,"column":50}},"39":{"start":{"line":68,"column":50},"end":{"line":68,"column":57}},"40":{"start":{"line":72,"column":4},"end":{"line":72,"column":null}}},"fnMap":{"0":{"name":"normalizePath","decl":{"start":{"line":7,"column":9},"end":{"line":7,"column":23}},"loc":{"start":{"line":7,"column":49},"end":{"line":15,"column":null}},"line":7},"1":{"name":"(anonymous_1)","decl":{"start":{"line":19,"column":11},"end":{"line":19,"column":12}},"loc":{"start":{"line":19,"column":105},"end":{"line":73,"column":null}},"line":19},"2":{"name":"(anonymous_2)","decl":{"start":{"line":30,"column":37},"end":{"line":30,"column":42}},"loc":{"start":{"line":30,"column":42},"end":{"line":38,"column":5}},"line":30},"3":{"name":"(anonymous_3)","decl":{"start":{"line":57,"column":43},"end":{"line":57,"column":48}},"loc":{"start":{"line":57,"column":48},"end":{"line":67,"column":9}},"line":57}},"branchMap":{"0":{"loc":{"start":{"line":11,"column":2},"end":{"line":13,"column":null}},"type":"if","locations":[{"start":{"line":11,"column":2},"end":{"line":13,"column":null}},{"start":{},"end":{}}],"line":11},"1":{"loc":{"start":{"line":20,"column":4},"end":{"line":20,"column":null}},"type":"if","locations":[{"start":{"line":20,"column":4},"end":{"line":20,"column":null}},{"start":{},"end":{}}],"line":20},"2":{"loc":{"start":{"line":25,"column":4},"end":{"line":27,"column":null}},"type":"if","locations":[{"start":{"line":25,"column":4},"end":{"line":27,"column":null}},{"start":{},"end":{}}],"line":25},"3":{"loc":{"start":{"line":32,"column":6},"end":{"line":32,"column":null}},"type":"if","locations":[{"start":{"line":32,"column":6},"end":{"line":32,"column":null}},{"start":{},"end":{}}],"line":32},"4":{"loc":{"start":{"line":33,"column":6},"end":{"line":33,"column":null}},"type":"if","locations":[{"start":{"line":33,"column":6},"end":{"line":33,"column":null}},{"start":{},"end":{}}],"line":33},"5":{"loc":{"start":{"line":35,"column":6},"end":{"line":35,"column":null}},"type":"if","locations":[{"start":{"line":35,"column":6},"end":{"line":35,"column":null}},{"start":{},"end":{}}],"line":35},"6":{"loc":{"start":{"line":36,"column":6},"end":{"line":36,"column":null}},"type":"if","locations":[{"start":{"line":36,"column":6},"end":{"line":36,"column":null}},{"start":{},"end":{}}],"line":36},"7":{"loc":{"start":{"line":40,"column":4},"end":{"line":42,"column":null}},"type":"if","locations":[{"start":{"line":40,"column":4},"end":{"line":42,"column":null}},{"start":{},"end":{}}],"line":40},"8":{"loc":{"start":{"line":46,"column":4},"end":{"line":48,"column":null}},"type":"if","locations":[{"start":{"line":46,"column":4},"end":{"line":48,"column":null}},{"start":{},"end":{}}],"line":46},"9":{"loc":{"start":{"line":46,"column":8},"end":{"line":46,"column":60}},"type":"binary-expr","locations":[{"start":{"line":46,"column":8},"end":{"line":46,"column":25}},{"start":{"line":46,"column":25},"end":{"line":46,"column":60}}],"line":46},"10":{"loc":{"start":{"line":55,"column":4},"end":{"line":70,"column":null}},"type":"if","locations":[{"start":{"line":55,"column":4},"end":{"line":70,"column":null}},{"start":{},"end":{}}],"line":55},"11":{"loc":{"start":{"line":55,"column":8},"end":{"line":55,"column":29}},"type":"binary-expr","locations":[{"start":{"line":55,"column":8},"end":{"line":55,"column":21}},{"start":{"line":55,"column":21},"end":{"line":55,"column":29}}],"line":55},"12":{"loc":{"start":{"line":60,"column":10},"end":{"line":62,"column":null}},"type":"if","locations":[{"start":{"line":60,"column":10},"end":{"line":62,"column":null}},{"start":{},"end":{}}],"line":60},"13":{"loc":{"start":{"line":61,"column":12},"end":{"line":61,"column":null}},"type":"binary-expr","locations":[{"start":{"line":61,"column":20},"end":{"line":61,"column":49}},{"start":{"line":61,"column":49},"end":{"line":61,"column":83}},{"start":{"line":61,"column":83},"end":{"line":61,"column":null}}],"line":61},"14":{"loc":{"start":{"line":63,"column":10},"end":{"line":65,"column":null}},"type":"if","locations":[{"start":{"line":63,"column":10},"end":{"line":65,"column":null}},{"start":{},"end":{}}],"line":63},"15":{"loc":{"start":{"line":64,"column":19},"end":{"line":64,"column":null}},"type":"binary-expr","locations":[{"start":{"line":64,"column":19},"end":{"line":64,"column":45}},{"start":{"line":64,"column":45},"end":{"line":64,"column":75}},{"start":{"line":64,"column":75},"end":{"line":64,"column":null}}],"line":64},"16":{"loc":{"start":{"line":68,"column":8},"end":{"line":68,"column":null}},"type":"if","locations":[{"start":{"line":68,"column":8},"end":{"line":68,"column":null}},{"start":{},"end":{}}],"line":68}},"s":{"0":8,"1":8,"2":0,"3":8,"4":5,"5":9,"6":1,"7":8,"8":8,"9":0,"10":8,"11":79,"12":4,"13":75,"14":0,"15":75,"16":2,"17":73,"18":0,"19":73,"20":9,"21":2,"22":6,"23":6,"24":0,"25":6,"26":6,"27":6,"28":3,"29":6,"30":18,"31":18,"32":18,"33":4,"34":14,"35":14,"36":0,"37":6,"38":3,"39":3,"40":6},"f":{"0":8,"1":9,"2":79,"3":18},"b":{"0":[0,8],"1":[1,8],"2":[0,8],"3":[4,75],"4":[0,75],"5":[2,73],"6":[0,73],"7":[2,7],"8":[0,6],"9":[6,0],"10":[3,3],"11":[6,5],"12":[4,14],"13":[4,3,1],"14":[14,0],"15":[14,12,12],"16":[3,3]},"meta":{"lastBranch":17,"lastFunction":4,"lastStatement":41,"seen":{"f:7:9:7:23":0,"s:9:19:9:Infinity":0,"b:11:2:13:Infinity:undefined:undefined:undefined:undefined":0,"s:11:2:13:Infinity":1,"s:12:4:12:Infinity":2,"s:14:2:14:Infinity":3,"s:17:23:74:Infinity":4,"f:19:11:19:12":1,"b:20:4:20:Infinity:undefined:undefined:undefined:undefined":1,"s:20:4:20:Infinity":5,"s:20:18:20:Infinity":6,"s:22:26:22:Infinity":7,"b:25:4:27:Infinity:undefined:undefined:undefined:undefined":2,"s:25:4:27:Infinity":8,"s:26:6:26:Infinity":9,"s:30:17:38:Infinity":10,"f:30:37:30:42":2,"b:32:6:32:Infinity:undefined:undefined:undefined:undefined":3,"s:32:6:32:Infinity":11,"s:32:36:32:Infinity":12,"b:33:6:33:Infinity:undefined:undefined:undefined:undefined":4,"s:33:6:33:Infinity":13,"s:33:30:33:Infinity":14,"b:35:6:35:Infinity:undefined:undefined:undefined:undefined":5,"s:35:6:35:Infinity":15,"s:35:48:35:Infinity":16,"b:36:6:36:Infinity:undefined:undefined:undefined:undefined":6,"s:36:6:36:Infinity":17,"s:36:42:36:Infinity":18,"s:37:6:37:Infinity":19,"b:40:4:42:Infinity:undefined:undefined:undefined:undefined":7,"s:40:4:42:Infinity":20,"s:41:6:41:Infinity":21,"s:45:18:45:Infinity":22,"b:46:4:48:Infinity:undefined:undefined:undefined:undefined":8,"s:46:4:48:Infinity":23,"b:46:8:46:25:46:25:46:60":9,"s:47:6:47:Infinity":24,"s:52:22:52:Infinity":25,"s:53:19:53:Infinity":26,"b:55:4:70:Infinity:undefined:undefined:undefined:undefined":10,"s:55:4:70:Infinity":27,"b:55:8:55:21:55:21:55:29":11,"s:56:6:69:Infinity":28,"s:57:21:67:Infinity":29,"f:57:43:57:48":3,"s:58:24:58:Infinity":30,"s:59:24:59:Infinity":31,"b:60:10:62:Infinity:undefined:undefined:undefined:undefined":12,"s:60:10:62:Infinity":32,"s:61:12:61:Infinity":33,"b:61:20:61:49:61:49:61:83:61:83:61:Infinity":13,"b:63:10:65:Infinity:undefined:undefined:undefined:undefined":14,"s:63:10:65:Infinity":34,"s:64:12:64:Infinity":35,"b:64:19:64:45:64:45:64:75:64:75:64:Infinity":15,"s:66:10:66:Infinity":36,"b:68:8:68:Infinity:undefined:undefined:undefined:undefined":16,"s:68:8:68:Infinity":37,"s:68:20:68:50":38,"s:68:50:68:57":39,"s:72:4:72:Infinity":40}}}
,"/home/pablo/cyberops-v2/src/commands/builtin/cd.ts": {"path":"/home/pablo/cyberops-v2/src/commands/builtin/cd.ts","statementMap":{"0":{"start":{"line":6,"column":22},"end":{"line":78,"column":null}},"1":{"start":{"line":9,"column":19},"end":{"line":9,"column":null}},"2":{"start":{"line":12,"column":4},"end":{"line":14,"column":null}},"3":{"start":{"line":13,"column":6},"end":{"line":13,"column":null}},"4":{"start":{"line":17,"column":25},"end":{"line":20,"column":null}},"5":{"start":{"line":18,"column":6},"end":{"line":18,"column":null}},"6":{"start":{"line":18,"column":16},"end":{"line":18,"column":null}},"7":{"start":{"line":19,"column":6},"end":{"line":19,"column":null}},"8":{"start":{"line":25,"column":4},"end":{"line":45,"column":null}},"9":{"start":{"line":26,"column":6},"end":{"line":26,"column":null}},"10":{"start":{"line":27,"column":4},"end":{"line":45,"column":null}},"11":{"start":{"line":29,"column":20},"end":{"line":29,"column":null}},"12":{"start":{"line":30,"column":6},"end":{"line":30,"column":null}},"13":{"start":{"line":31,"column":6},"end":{"line":31,"column":null}},"14":{"start":{"line":32,"column":4},"end":{"line":45,"column":null}},"15":{"start":{"line":34,"column":6},"end":{"line":34,"column":null}},"16":{"start":{"line":35,"column":4},"end":{"line":45,"column":null}},"17":{"start":{"line":37,"column":6},"end":{"line":37,"column":null}},"18":{"start":{"line":38,"column":4},"end":{"line":45,"column":null}},"19":{"start":{"line":40,"column":6},"end":{"line":40,"column":null}},"20":{"start":{"line":41,"column":6},"end":{"line":41,"column":null}},"21":{"start":{"line":44,"column":6},"end":{"line":44,"column":null}},"22":{"start":{"line":48,"column":18},"end":{"line":48,"column":null}},"23":{"start":{"line":49,"column":33},"end":{"line":49,"column":null}},"24":{"start":{"line":50,"column":4},"end":{"line":56,"column":null}},"25":{"start":{"line":51,"column":6},"end":{"line":55,"column":null}},"26":{"start":{"line":52,"column":8},"end":{"line":52,"column":null}},"27":{"start":{"line":53,"column":6},"end":{"line":55,"column":null}},"28":{"start":{"line":54,"column":8},"end":{"line":54,"column":null}},"29":{"start":{"line":57,"column":4},"end":{"line":57,"column":null}},"30":{"start":{"line":60,"column":22},"end":{"line":60,"column":null}},"31":{"start":{"line":62,"column":26},"end":{"line":65,"column":null}},"32":{"start":{"line":63,"column":23},"end":{"line":63,"column":null}},"33":{"start":{"line":64,"column":6},"end":{"line":64,"column":null}},"34":{"start":{"line":67,"column":4},"end":{"line":69,"column":null}},"35":{"start":{"line":68,"column":6},"end":{"line":68,"column":null}},"36":{"start":{"line":72,"column":4},"end":{"line":74,"column":null}},"37":{"start":{"line":73,"column":6},"end":{"line":73,"column":null}},"38":{"start":{"line":76,"column":4},"end":{"line":76,"column":null}}},"fnMap":{"0":{"name":"(anonymous_0)","decl":{"start":{"line":8,"column":11},"end":{"line":8,"column":12}},"loc":{"start":{"line":8,"column":104},"end":{"line":77,"column":null}},"line":8},"1":{"name":"(anonymous_1)","decl":{"start":{"line":17,"column":25},"end":{"line":17,"column":26}},"loc":{"start":{"line":17,"column":50},"end":{"line":20,"column":null}},"line":17},"2":{"name":"(anonymous_2)","decl":{"start":{"line":62,"column":45},"end":{"line":62,"column":50}},"loc":{"start":{"line":62,"column":50},"end":{"line":65,"column":5}},"line":62}},"branchMap":{"0":{"loc":{"start":{"line":9,"column":19},"end":{"line":9,"column":null}},"type":"binary-expr","locations":[{"start":{"line":9,"column":19},"end":{"line":9,"column":30}},{"start":{"line":9,"column":30},"end":{"line":9,"column":null}}],"line":9},"1":{"loc":{"start":{"line":12,"column":4},"end":{"line":14,"column":null}},"type":"if","locations":[{"start":{"line":12,"column":4},"end":{"line":14,"column":null}},{"start":{},"end":{}}],"line":12},"2":{"loc":{"start":{"line":12,"column":8},"end":{"line":12,"column":54}},"type":"binary-expr","locations":[{"start":{"line":12,"column":8},"end":{"line":12,"column":26}},{"start":{"line":12,"column":26},"end":{"line":12,"column":54}}],"line":12},"3":{"loc":{"start":{"line":18,"column":6},"end":{"line":18,"column":null}},"type":"if","locations":[{"start":{"line":18,"column":6},"end":{"line":18,"column":null}},{"start":{},"end":{}}],"line":18},"4":{"loc":{"start":{"line":19,"column":13},"end":{"line":19,"column":null}},"type":"cond-expr","locations":[{"start":{"line":19,"column":33},"end":{"line":19,"column":39}},{"start":{"line":19,"column":39},"end":{"line":19,"column":null}}],"line":19},"5":{"loc":{"start":{"line":25,"column":4},"end":{"line":45,"column":null}},"type":"if","locations":[{"start":{"line":25,"column":4},"end":{"line":45,"column":null}},{"start":{"line":27,"column":4},"end":{"line":45,"column":null}}],"line":25},"6":{"loc":{"start":{"line":27,"column":4},"end":{"line":45,"column":null}},"type":"if","locations":[{"start":{"line":27,"column":4},"end":{"line":45,"column":null}},{"start":{"line":32,"column":4},"end":{"line":45,"column":null}}],"line":27},"7":{"loc":{"start":{"line":31,"column":21},"end":{"line":31,"column":null}},"type":"cond-expr","locations":[{"start":{"line":31,"column":42},"end":{"line":31,"column":48}},{"start":{"line":31,"column":48},"end":{"line":31,"column":null}}],"line":31},"8":{"loc":{"start":{"line":32,"column":4},"end":{"line":45,"column":null}},"type":"if","locations":[{"start":{"line":32,"column":4},"end":{"line":45,"column":null}},{"start":{"line":35,"column":4},"end":{"line":45,"column":null}}],"line":32},"9":{"loc":{"start":{"line":32,"column":15},"end":{"line":32,"column":48}},"type":"binary-expr","locations":[{"start":{"line":32,"column":15},"end":{"line":32,"column":33}},{"start":{"line":32,"column":33},"end":{"line":32,"column":48}}],"line":32},"10":{"loc":{"start":{"line":35,"column":4},"end":{"line":45,"column":null}},"type":"if","locations":[{"start":{"line":35,"column":4},"end":{"line":45,"column":null}},{"start":{"line":38,"column":4},"end":{"line":45,"column":null}}],"line":35},"11":{"loc":{"start":{"line":38,"column":4},"end":{"line":45,"column":null}},"type":"if","locations":[{"start":{"line":38,"column":4},"end":{"line":45,"column":null}},{"start":{"line":42,"column":11},"end":{"line":45,"column":null}}],"line":38},"12":{"loc":{"start":{"line":51,"column":6},"end":{"line":55,"column":null}},"type":"if","locations":[{"start":{"line":51,"column":6},"end":{"line":55,"column":null}},{"start":{"line":53,"column":6},"end":{"line":55,"column":null}}],"line":51},"13":{"loc":{"start":{"line":53,"column":6},"end":{"line":55,"column":null}},"type":"if","locations":[{"start":{"line":53,"column":6},"end":{"line":55,"column":null}},{"start":{},"end":{}}],"line":53},"14":{"loc":{"start":{"line":57,"column":19},"end":{"line":57,"column":null}},"type":"cond-expr","locations":[{"start":{"line":57,"column":45},"end":{"line":57,"column":51}},{"start":{"line":57,"column":51},"end":{"line":57,"column":null}}],"line":57},"15":{"loc":{"start":{"line":64,"column":13},"end":{"line":64,"column":null}},"type":"binary-expr","locations":[{"start":{"line":64,"column":13},"end":{"line":64,"column":50}},{"start":{"line":64,"column":50},"end":{"line":64,"column":null}}],"line":64},"16":{"loc":{"start":{"line":67,"column":4},"end":{"line":69,"column":null}},"type":"if","locations":[{"start":{"line":67,"column":4},"end":{"line":69,"column":null}},{"start":{},"end":{}}],"line":67},"17":{"loc":{"start":{"line":67,"column":8},"end":{"line":67,"column":61}},"type":"binary-expr","locations":[{"start":{"line":67,"column":8},"end":{"line":67,"column":26}},{"start":{"line":67,"column":26},"end":{"line":67,"column":61}}],"line":67},"18":{"loc":{"start":{"line":72,"column":4},"end":{"line":74,"column":null}},"type":"if","locations":[{"start":{"line":72,"column":4},"end":{"line":74,"column":null}},{"start":{},"end":{}}],"line":72}},"s":{"0":5,"1":12,"2":12,"3":0,"4":12,"5":7,"6":0,"7":7,"8":12,"9":0,"10":12,"11":4,"12":4,"13":4,"14":8,"15":1,"16":7,"17":5,"18":2,"19":0,"20":0,"21":2,"22":12,"23":12,"24":12,"25":16,"26":0,"27":16,"28":16,"29":12,"30":12,"31":12,"32":18,"33":18,"34":12,"35":2,"36":10,"37":9,"38":10},"f":{"0":12,"1":7,"2":18},"b":{"0":[12,1],"1":[0,12],"2":[12,12],"3":[0,7],"4":[0,7],"5":[0,12],"6":[4,8],"7":[1,3],"8":[1,7],"9":[8,7],"10":[5,2],"11":[0,2],"12":[0,16],"13":[16,0],"14":[1,11],"15":[18,9],"16":[2,10],"17":[12,3],"18":[9,1]},"meta":{"lastBranch":19,"lastFunction":3,"lastStatement":39,"seen":{"s:6:22:78:Infinity":0,"f:8:11:8:12":0,"s:9:19:9:Infinity":1,"b:9:19:9:30:9:30:9:Infinity":0,"b:12:4:14:Infinity:undefined:undefined:undefined:undefined":1,"s:12:4:14:Infinity":2,"b:12:8:12:26:12:26:12:54":2,"s:13:6:13:Infinity":3,"s:17:25:20:Infinity":4,"f:17:25:17:26":1,"b:18:6:18:Infinity:undefined:undefined:undefined:undefined":3,"s:18:6:18:Infinity":5,"s:18:16:18:Infinity":6,"s:19:6:19:Infinity":7,"b:19:33:19:39:19:39:19:Infinity":4,"b:25:4:45:Infinity:27:4:45:Infinity":5,"s:25:4:45:Infinity":8,"s:26:6:26:Infinity":9,"b:27:4:45:Infinity:32:4:45:Infinity":6,"s:27:4:45:Infinity":10,"s:29:20:29:Infinity":11,"s:30:6:30:Infinity":12,"s:31:6:31:Infinity":13,"b:31:42:31:48:31:48:31:Infinity":7,"b:32:4:45:Infinity:35:4:45:Infinity":8,"s:32:4:45:Infinity":14,"b:32:15:32:33:32:33:32:48":9,"s:34:6:34:Infinity":15,"b:35:4:45:Infinity:38:4:45:Infinity":10,"s:35:4:45:Infinity":16,"s:37:6:37:Infinity":17,"b:38:4:45:Infinity:42:11:45:Infinity":11,"s:38:4:45:Infinity":18,"s:40:6:40:Infinity":19,"s:41:6:41:Infinity":20,"s:44:6:44:Infinity":21,"s:48:18:48:Infinity":22,"s:49:33:49:Infinity":23,"s:50:4:56:Infinity":24,"b:51:6:55:Infinity:53:6:55:Infinity":12,"s:51:6:55:Infinity":25,"s:52:8:52:Infinity":26,"b:53:6:55:Infinity:undefined:undefined:undefined:undefined":13,"s:53:6:55:Infinity":27,"s:54:8:54:Infinity":28,"s:57:4:57:Infinity":29,"b:57:45:57:51:57:51:57:Infinity":14,"s:60:22:60:Infinity":30,"s:62:26:65:Infinity":31,"f:62:45:62:50":2,"s:63:23:63:Infinity":32,"s:64:6:64:Infinity":33,"b:64:13:64:50:64:50:64:Infinity":15,"b:67:4:69:Infinity:undefined:undefined:undefined:undefined":16,"s:67:4:69:Infinity":34,"b:67:8:67:26:67:26:67:61":17,"s:68:6:68:Infinity":35,"b:72:4:74:Infinity:undefined:undefined:undefined:undefined":18,"s:72:4:74:Infinity":36,"s:73:6:73:Infinity":37,"s:76:4:76:Infinity":38}}}
,"/home/pablo/cyberops-v2/src/commands/builtin/clear.ts": {"path":"/home/pablo/cyberops-v2/src/commands/builtin/clear.ts","statementMap":{"0":{"start":{"line":6,"column":25},"end":{"line":9,"column":null}},"1":{"start":{"line":8,"column":35},"end":{"line":8,"column":null}}},"fnMap":{"0":{"name":"(anonymous_0)","decl":{"start":{"line":8,"column":11},"end":{"line":8,"column":35}},"loc":{"start":{"line":8,"column":35},"end":{"line":8,"column":null}},"line":8}},"branchMap":{},"s":{"0":5,"1":5},"f":{"0":5},"b":{},"meta":{"lastBranch":0,"lastFunction":1,"lastStatement":2,"seen":{"s:6:25:9:Infinity":0,"f:8:11:8:35":0,"s:8:35:8:Infinity":1}}}
,"/home/pablo/cyberops-v2/src/commands/builtin/end.ts": {"path":"/home/pablo/cyberops-v2/src/commands/builtin/end.ts","statementMap":{"0":{"start":{"line":6,"column":23},"end":{"line":11,"column":null}},"1":{"start":{"line":9,"column":4},"end":{"line":9,"column":null}}},"fnMap":{"0":{"name":"(anonymous_0)","decl":{"start":{"line":8,"column":11},"end":{"line":8,"column":12}},"loc":{"start":{"line":8,"column":71},"end":{"line":10,"column":null}},"line":8}},"branchMap":{},"s":{"0":5,"1":5},"f":{"0":5},"b":{},"meta":{"lastBranch":0,"lastFunction":1,"lastStatement":2,"seen":{"s:6:23:11:Infinity":0,"f:8:11:8:12":0,"s:9:4:9:Infinity":1}}}
,"/home/pablo/cyberops-v2/src/commands/builtin/exit.ts": {"path":"/home/pablo/cyberops-v2/src/commands/builtin/exit.ts","statementMap":{"0":{"start":{"line":6,"column":24},"end":{"line":20,"column":null}},"1":{"start":{"line":10,"column":4},"end":{"line":12,"column":null}},"2":{"start":{"line":11,"column":6},"end":{"line":11,"column":null}},"3":{"start":{"line":14,"column":28},"end":{"line":14,"column":null}},"4":{"start":{"line":14,"column":50},"end":{"line":14,"column":72}},"5":{"start":{"line":15,"column":4},"end":{"line":18,"column":null}}},"fnMap":{"0":{"name":"(anonymous_0)","decl":{"start":{"line":8,"column":11},"end":{"line":8,"column":12}},"loc":{"start":{"line":8,"column":91},"end":{"line":19,"column":null}},"line":8},"1":{"name":"(anonymous_1)","decl":{"start":{"line":14,"column":45},"end":{"line":14,"column":50}},"loc":{"start":{"line":14,"column":50},"end":{"line":14,"column":72}},"line":14}},"branchMap":{"0":{"loc":{"start":{"line":10,"column":4},"end":{"line":12,"column":null}},"type":"if","locations":[{"start":{"line":10,"column":4},"end":{"line":12,"column":null}},{"start":{},"end":{}}],"line":10},"1":{"loc":{"start":{"line":10,"column":8},"end":{"line":10,"column":85}},"type":"binary-expr","locations":[{"start":{"line":10,"column":8},"end":{"line":10,"column":40}},{"start":{"line":10,"column":40},"end":{"line":10,"column":85}}],"line":10},"2":{"loc":{"start":{"line":17,"column":20},"end":{"line":17,"column":null}},"type":"binary-expr","locations":[{"start":{"line":17,"column":20},"end":{"line":17,"column":43}},{"start":{"line":17,"column":43},"end":{"line":17,"column":null}}],"line":17}},"s":{"0":5,"1":5,"2":4,"3":1,"4":2,"5":1},"f":{"0":5,"1":2},"b":{"0":[4,1],"1":[5,5],"2":[1,1]},"meta":{"lastBranch":3,"lastFunction":2,"lastStatement":6,"seen":{"s:6:24:20:Infinity":0,"f:8:11:8:12":0,"b:10:4:12:Infinity:undefined:undefined:undefined:undefined":0,"s:10:4:12:Infinity":1,"b:10:8:10:40:10:40:10:85":1,"s:11:6:11:Infinity":2,"s:14:28:14:Infinity":3,"f:14:45:14:50":1,"s:14:50:14:72":4,"s:15:4:18:Infinity":5,"b:17:20:17:43:17:43:17:Infinity":2}}}
,"/home/pablo/cyberops-v2/src/commands/builtin/hashcat.ts": {"path":"/home/pablo/cyberops-v2/src/commands/builtin/hashcat.ts","statementMap":{"0":{"start":{"line":9,"column":27},"end":{"line":32,"column":null}},"1":{"start":{"line":12,"column":17},"end":{"line":12,"column":null}},"2":{"start":{"line":13,"column":4},"end":{"line":14,"column":null}},"3":{"start":{"line":14,"column":6},"end":{"line":14,"column":null}},"4":{"start":{"line":15,"column":17},"end":{"line":15,"column":null}},"5":{"start":{"line":16,"column":4},"end":{"line":17,"column":null}},"6":{"start":{"line":17,"column":6},"end":{"line":17,"column":null}},"7":{"start":{"line":18,"column":15},"end":{"line":18,"column":null}},"8":{"start":{"line":19,"column":15},"end":{"line":19,"column":null}},"9":{"start":{"line":20,"column":4},"end":{"line":21,"column":null}},"10":{"start":{"line":21,"column":6},"end":{"line":21,"column":null}},"11":{"start":{"line":22,"column":4},"end":{"line":23,"column":null}},"12":{"start":{"line":23,"column":6},"end":{"line":23,"column":null}},"13":{"start":{"line":26,"column":21},"end":{"line":26,"column":null}},"14":{"start":{"line":28,"column":4},"end":{"line":30,"column":null}}},"fnMap":{"0":{"name":"(anonymous_0)","decl":{"start":{"line":11,"column":11},"end":{"line":11,"column":12}},"loc":{"start":{"line":11,"column":48},"end":{"line":31,"column":null}},"line":11}},"branchMap":{"0":{"loc":{"start":{"line":13,"column":4},"end":{"line":14,"column":null}},"type":"if","locations":[{"start":{"line":13,"column":4},"end":{"line":14,"column":null}},{"start":{},"end":{}}],"line":13},"1":{"loc":{"start":{"line":13,"column":8},"end":{"line":13,"column":null}},"type":"binary-expr","locations":[{"start":{"line":13,"column":8},"end":{"line":13,"column":23}},{"start":{"line":13,"column":23},"end":{"line":13,"column":null}}],"line":13},"2":{"loc":{"start":{"line":16,"column":4},"end":{"line":17,"column":null}},"type":"if","locations":[{"start":{"line":16,"column":4},"end":{"line":17,"column":null}},{"start":{},"end":{}}],"line":16},"3":{"loc":{"start":{"line":16,"column":8},"end":{"line":16,"column":null}},"type":"binary-expr","locations":[{"start":{"line":16,"column":8},"end":{"line":16,"column":17}},{"start":{"line":16,"column":17},"end":{"line":16,"column":null}}],"line":16},"4":{"loc":{"start":{"line":20,"column":4},"end":{"line":21,"column":null}},"type":"if","locations":[{"start":{"line":20,"column":4},"end":{"line":21,"column":null}},{"start":{},"end":{}}],"line":20},"5":{"loc":{"start":{"line":20,"column":8},"end":{"line":20,"column":null}},"type":"binary-expr","locations":[{"start":{"line":20,"column":8},"end":{"line":20,"column":15}},{"start":{"line":20,"column":15},"end":{"line":20,"column":22}},{"start":{"line":20,"column":22},"end":{"line":20,"column":44}},{"start":{"line":20,"column":44},"end":{"line":20,"column":null}}],"line":20},"6":{"loc":{"start":{"line":22,"column":4},"end":{"line":23,"column":null}},"type":"if","locations":[{"start":{"line":22,"column":4},"end":{"line":23,"column":null}},{"start":{},"end":{}}],"line":22}},"s":{"0":5,"1":8,"2":8,"3":3,"4":5,"5":5,"6":1,"7":4,"8":4,"9":4,"10":0,"11":4,"12":4,"13":3,"14":3},"f":{"0":8},"b":{"0":[3,5],"1":[8,6],"2":[1,4],"3":[5,5],"4":[0,4],"5":[4,4,4,4],"6":[1,3]},"meta":{"lastBranch":7,"lastFunction":1,"lastStatement":15,"seen":{"s:9:27:32:Infinity":0,"f:11:11:11:12":0,"s:12:17:12:Infinity":1,"b:13:4:14:Infinity:undefined:undefined:undefined:undefined":0,"s:13:4:14:Infinity":2,"b:13:8:13:23:13:23:13:Infinity":1,"s:14:6:14:Infinity":3,"s:15:17:15:Infinity":4,"b:16:4:17:Infinity:undefined:undefined:undefined:undefined":2,"s:16:4:17:Infinity":5,"b:16:8:16:17:16:17:16:Infinity":3,"s:17:6:17:Infinity":6,"s:18:15:18:Infinity":7,"s:19:15:19:Infinity":8,"b:20:4:21:Infinity:undefined:undefined:undefined:undefined":4,"s:20:4:21:Infinity":9,"b:20:8:20:15:20:15:20:22:20:22:20:44:20:44:20:Infinity":5,"s:21:6:21:Infinity":10,"b:22:4:23:Infinity:undefined:undefined:undefined:undefined":6,"s:22:4:23:Infinity":11,"s:23:6:23:Infinity":12,"s:26:21:26:Infinity":13,"s:28:4:30:Infinity":14}}}
,"/home/pablo/cyberops-v2/src/commands/builtin/help.ts": {"path":"/home/pablo/cyberops-v2/src/commands/builtin/help.ts","statementMap":{"0":{"start":{"line":6,"column":45},"end":{"line":80,"column":null}},"1":{"start":{"line":82,"column":24},"end":{"line":125,"column":null}},"2":{"start":{"line":85,"column":4},"end":{"line":111,"column":null}},"3":{"start":{"line":86,"column":6},"end":{"line":110,"column":null}},"4":{"start":{"line":113,"column":20},"end":{"line":113,"column":null}},"5":{"start":{"line":114,"column":21},"end":{"line":114,"column":null}},"6":{"start":{"line":116,"column":4},"end":{"line":118,"column":null}},"7":{"start":{"line":117,"column":6},"end":{"line":117,"column":null}},"8":{"start":{"line":120,"column":4},"end":{"line":123,"column":null}}},"fnMap":{"0":{"name":"(anonymous_0)","decl":{"start":{"line":84,"column":11},"end":{"line":84,"column":12}},"loc":{"start":{"line":84,"column":48},"end":{"line":124,"column":null}},"line":84}},"branchMap":{"0":{"loc":{"start":{"line":85,"column":4},"end":{"line":111,"column":null}},"type":"if","locations":[{"start":{"line":85,"column":4},"end":{"line":111,"column":null}},{"start":{},"end":{}}],"line":85},"1":{"loc":{"start":{"line":116,"column":4},"end":{"line":118,"column":null}},"type":"if","locations":[{"start":{"line":116,"column":4},"end":{"line":118,"column":null}},{"start":{},"end":{}}],"line":116}},"s":{"0":5,"1":5,"2":15,"3":7,"4":8,"5":8,"6":8,"7":7,"8":1},"f":{"0":15},"b":{"0":[7,8],"1":[7,1]},"meta":{"lastBranch":2,"lastFunction":1,"lastStatement":9,"seen":{"s:6:45:80:Infinity":0,"s:82:24:125:Infinity":1,"f:84:11:84:12":0,"b:85:4:111:Infinity:undefined:undefined:undefined:undefined":0,"s:85:4:111:Infinity":2,"s:86:6:110:Infinity":3,"s:113:20:113:Infinity":4,"s:114:21:114:Infinity":5,"b:116:4:118:Infinity:undefined:undefined:undefined:undefined":1,"s:116:4:118:Infinity":6,"s:117:6:117:Infinity":7,"s:120:4:123:Infinity":8}}}
,"/home/pablo/cyberops-v2/src/commands/builtin/ifconfig.ts": {"path":"/home/pablo/cyberops-v2/src/commands/builtin/ifconfig.ts","statementMap":{"0":{"start":{"line":6,"column":28},"end":{"line":15,"column":null}},"1":{"start":{"line":9,"column":24},"end":{"line":9,"column":null}},"2":{"start":{"line":10,"column":16},"end":{"line":10,"column":null}},"3":{"start":{"line":11,"column":4},"end":{"line":13,"column":null}}},"fnMap":{"0":{"name":"(anonymous_0)","decl":{"start":{"line":8,"column":11},"end":{"line":8,"column":12}},"loc":{"start":{"line":8,"column":74},"end":{"line":14,"column":null}},"line":8}},"branchMap":{},"s":{"0":5,"1":9,"2":9,"3":9},"f":{"0":9},"b":{},"meta":{"lastBranch":0,"lastFunction":1,"lastStatement":4,"seen":{"s:6:28:15:Infinity":0,"f:8:11:8:12":0,"s:9:24:9:Infinity":1,"s:10:16:10:Infinity":2,"s:11:4:13:Infinity":3}}}
,"/home/pablo/cyberops-v2/src/commands/builtin/ls.ts": {"path":"/home/pablo/cyberops-v2/src/commands/builtin/ls.ts","statementMap":{"0":{"start":{"line":10,"column":47},"end":{"line":10,"column":null}},"1":{"start":{"line":12,"column":2},"end":{"line":16,"column":null}},"2":{"start":{"line":13,"column":12},"end":{"line":13,"column":null}},"3":{"start":{"line":14,"column":4},"end":{"line":14,"column":null}},"4":{"start":{"line":14,"column":17},"end":{"line":14,"column":20}},"5":{"start":{"line":14,"column":42},"end":{"line":14,"column":null}},"6":{"start":{"line":15,"column":4},"end":{"line":15,"column":null}},"7":{"start":{"line":17,"column":2},"end":{"line":17,"column":null}},"8":{"start":{"line":23,"column":2},"end":{"line":23,"column":null}},"9":{"start":{"line":23,"column":13},"end":{"line":23,"column":null}},"10":{"start":{"line":24,"column":2},"end":{"line":24,"column":null}},"11":{"start":{"line":24,"column":20},"end":{"line":24,"column":null}},"12":{"start":{"line":26,"column":2},"end":{"line":26,"column":null}},"13":{"start":{"line":32,"column":2},"end":{"line":32,"column":null}},"14":{"start":{"line":39,"column":23},"end":{"line":39,"column":null}},"15":{"start":{"line":39,"column":42},"end":{"line":39,"column":103}},"16":{"start":{"line":40,"column":2},"end":{"line":40,"column":null}},"17":{"start":{"line":40,"column":20},"end":{"line":40,"column":null}},"18":{"start":{"line":43,"column":25},"end":{"line":43,"column":null}},"19":{"start":{"line":44,"column":2},"end":{"line":44,"column":null}},"20":{"start":{"line":44,"column":28},"end":{"line":44,"column":84}},"21":{"start":{"line":47,"column":22},"end":{"line":166,"column":null}},"22":{"start":{"line":50,"column":4},"end":{"line":50,"column":null}},"23":{"start":{"line":50,"column":24},"end":{"line":50,"column":null}},"24":{"start":{"line":53,"column":18},"end":{"line":53,"column":null}},"25":{"start":{"line":54,"column":19},"end":{"line":54,"column":null}},"26":{"start":{"line":55,"column":20},"end":{"line":55,"column":null}},"27":{"start":{"line":58,"column":4},"end":{"line":67,"column":null}},"28":{"start":{"line":59,"column":6},"end":{"line":66,"column":null}},"29":{"start":{"line":61,"column":8},"end":{"line":61,"column":null}},"30":{"start":{"line":61,"column":31},"end":{"line":61,"column":null}},"31":{"start":{"line":62,"column":8},"end":{"line":62,"column":null}},"32":{"start":{"line":62,"column":31},"end":{"line":62,"column":null}},"33":{"start":{"line":65,"column":8},"end":{"line":65,"column":null}},"34":{"start":{"line":70,"column":4},"end":{"line":72,"column":null}},"35":{"start":{"line":71,"column":6},"end":{"line":71,"column":null}},"36":{"start":{"line":75,"column":18},"end":{"line":75,"column":null}},"37":{"start":{"line":78,"column":4},"end":{"line":114,"column":null}},"38":{"start":{"line":79,"column":23},"end":{"line":79,"column":null}},"39":{"start":{"line":82,"column":6},"end":{"line":113,"column":null}},"40":{"start":{"line":84,"column":29},"end":{"line":84,"column":null}},"41":{"start":{"line":87,"column":8},"end":{"line":112,"column":null}},"42":{"start":{"line":88,"column":22},"end":{"line":88,"column":null}},"43":{"start":{"line":89,"column":10},"end":{"line":96,"column":null}},"44":{"start":{"line":91,"column":12},"end":{"line":91,"column":null}},"45":{"start":{"line":91,"column":49},"end":{"line":91,"column":null}},"46":{"start":{"line":92,"column":29},"end":{"line":92,"column":null}},"47":{"start":{"line":93,"column":12},"end":{"line":95,"column":null}},"48":{"start":{"line":94,"column":14},"end":{"line":94,"column":null}},"49":{"start":{"line":97,"column":8},"end":{"line":112,"column":null}},"50":{"start":{"line":100,"column":10},"end":{"line":111,"column":null}},"51":{"start":{"line":101,"column":28},"end":{"line":101,"column":null}},"52":{"start":{"line":103,"column":12},"end":{"line":103,"column":null}},"53":{"start":{"line":103,"column":53},"end":{"line":103,"column":null}},"54":{"start":{"line":104,"column":12},"end":{"line":106,"column":null}},"55":{"start":{"line":105,"column":14},"end":{"line":105,"column":null}},"56":{"start":{"line":109,"column":12},"end":{"line":109,"column":null}},"57":{"start":{"line":109,"column":58},"end":{"line":109,"column":null}},"58":{"start":{"line":110,"column":12},"end":{"line":110,"column":null}},"59":{"start":{"line":117,"column":4},"end":{"line":134,"column":null}},"60":{"start":{"line":118,"column":23},"end":{"line":118,"column":null}},"61":{"start":{"line":120,"column":6},"end":{"line":133,"column":null}},"62":{"start":{"line":121,"column":24},"end":{"line":121,"column":null}},"63":{"start":{"line":122,"column":24},"end":{"line":122,"column":null}},"64":{"start":{"line":123,"column":26},"end":{"line":123,"column":null}},"65":{"start":{"line":126,"column":8},"end":{"line":132,"column":null}},"66":{"start":{"line":128,"column":10},"end":{"line":128,"column":null}},"67":{"start":{"line":128,"column":51},"end":{"line":128,"column":null}},"68":{"start":{"line":129,"column":10},"end":{"line":131,"column":null}},"69":{"start":{"line":130,"column":12},"end":{"line":130,"column":null}},"70":{"start":{"line":137,"column":4},"end":{"line":140,"column":null}},"71":{"start":{"line":138,"column":6},"end":{"line":138,"column":null}},"72":{"start":{"line":138,"column":20},"end":{"line":138,"column":null}},"73":{"start":{"line":139,"column":6},"end":{"line":139,"column":null}},"74":{"start":{"line":143,"column":4},"end":{"line":164,"column":null}},"75":{"start":{"line":145,"column":16},"end":{"line":145,"column":null}},"76":{"start":{"line":146,"column":6},"end":{"line":156,"column":null}},"77":{"start":{"line":147,"column":28},"end":{"line":147,"column":46}},"78":{"start":{"line":149,"column":10},"end":{"line":155,"column":null}},"79":{"start":{"line":151,"column":12},"end":{"line":151,"column":null}},"80":{"start":{"line":154,"column":12},"end":{"line":154,"column":null}},"81":{"start":{"line":157,"column":6},"end":{"line":157,"column":null}},"82":{"start":{"line":160,"column":20},"end":{"line":162,"column":null}},"83":{"start":{"line":161,"column":28},"end":{"line":161,"column":46}},"84":{"start":{"line":162,"column":31},"end":{"line":162,"column":61}},"85":{"start":{"line":163,"column":6},"end":{"line":163,"column":null}}},"fnMap":{"0":{"name":"stableSize","decl":{"start":{"line":11,"column":9},"end":{"line":11,"column":20}},"loc":{"start":{"line":11,"column":42},"end":{"line":18,"column":null}},"line":11},"1":{"name":"getCurrentDir","decl":{"start":{"line":22,"column":9},"end":{"line":22,"column":23}},"loc":{"start":{"line":22,"column":57},"end":{"line":27,"column":null}},"line":22},"2":{"name":"getBaseName","decl":{"start":{"line":31,"column":9},"end":{"line":31,"column":21}},"loc":{"start":{"line":31,"column":43},"end":{"line":33,"column":null}},"line":31},"3":{"name":"isDirectory","decl":{"start":{"line":37,"column":9},"end":{"line":37,"column":21}},"loc":{"start":{"line":37,"column":78},"end":{"line":45,"column":null}},"line":37},"4":{"name":"(anonymous_4)","decl":{"start":{"line":39,"column":37},"end":{"line":39,"column":42}},"loc":{"start":{"line":39,"column":42},"end":{"line":39,"column":103}},"line":39},"5":{"name":"(anonymous_5)","decl":{"start":{"line":44,"column":23},"end":{"line":44,"column":28}},"loc":{"start":{"line":44,"column":28},"end":{"line":44,"column":84}},"line":44},"6":{"name":"(anonymous_6)","decl":{"start":{"line":49,"column":11},"end":{"line":49,"column":12}},"loc":{"start":{"line":49,"column":89},"end":{"line":165,"column":null}},"line":49},"7":{"name":"(anonymous_7)","decl":{"start":{"line":58,"column":17},"end":{"line":58,"column":24}},"loc":{"start":{"line":58,"column":24},"end":{"line":67,"column":5}},"line":58},"8":{"name":"(anonymous_8)","decl":{"start":{"line":78,"column":26},"end":{"line":78,"column":34}},"loc":{"start":{"line":78,"column":34},"end":{"line":114,"column":5}},"line":78},"9":{"name":"(anonymous_9)","decl":{"start":{"line":117,"column":26},"end":{"line":117,"column":34}},"loc":{"start":{"line":117,"column":34},"end":{"line":134,"column":5}},"line":117},"10":{"name":"(anonymous_10)","decl":{"start":{"line":147,"column":14},"end":{"line":147,"column":15}},"loc":{"start":{"line":147,"column":28},"end":{"line":147,"column":46}},"line":147},"11":{"name":"(anonymous_11)","decl":{"start":{"line":148,"column":17},"end":{"line":148,"column":18}},"loc":{"start":{"line":148,"column":35},"end":{"line":156,"column":9}},"line":148},"12":{"name":"(anonymous_12)","decl":{"start":{"line":161,"column":14},"end":{"line":161,"column":15}},"loc":{"start":{"line":161,"column":28},"end":{"line":161,"column":46}},"line":161},"13":{"name":"(anonymous_13)","decl":{"start":{"line":162,"column":13},"end":{"line":162,"column":14}},"loc":{"start":{"line":162,"column":31},"end":{"line":162,"column":61}},"line":162}},"branchMap":{"0":{"loc":{"start":{"line":12,"column":2},"end":{"line":16,"column":null}},"type":"if","locations":[{"start":{"line":12,"column":2},"end":{"line":16,"column":null}},{"start":{},"end":{}}],"line":12},"1":{"loc":{"start":{"line":23,"column":2},"end":{"line":23,"column":null}},"type":"if","locations":[{"start":{"line":23,"column":2},"end":{"line":23,"column":null}},{"start":{},"end":{}}],"line":23},"2":{"loc":{"start":{"line":24,"column":2},"end":{"line":24,"column":null}},"type":"if","locations":[{"start":{"line":24,"column":2},"end":{"line":24,"column":null}},{"start":{},"end":{}}],"line":24},"3":{"loc":{"start":{"line":26,"column":9},"end":{"line":26,"column":null}},"type":"cond-expr","locations":[{"start":{"line":26,"column":30},"end":{"line":26,"column":37}},{"start":{"line":26,"column":37},"end":{"line":26,"column":null}}],"line":26},"4":{"loc":{"start":{"line":32,"column":9},"end":{"line":32,"column":null}},"type":"binary-expr","locations":[{"start":{"line":32,"column":9},"end":{"line":32,"column":50}},{"start":{"line":32,"column":50},"end":{"line":32,"column":null}}],"line":32},"5":{"loc":{"start":{"line":39,"column":42},"end":{"line":39,"column":103}},"type":"binary-expr","locations":[{"start":{"line":39,"column":42},"end":{"line":39,"column":75}},{"start":{"line":39,"column":75},"end":{"line":39,"column":103}}],"line":39},"6":{"loc":{"start":{"line":40,"column":2},"end":{"line":40,"column":null}},"type":"if","locations":[{"start":{"line":40,"column":2},"end":{"line":40,"column":null}},{"start":{},"end":{}}],"line":40},"7":{"loc":{"start":{"line":43,"column":25},"end":{"line":43,"column":null}},"type":"cond-expr","locations":[{"start":{"line":43,"column":50},"end":{"line":43,"column":61}},{"start":{"line":43,"column":61},"end":{"line":43,"column":null}}],"line":43},"8":{"loc":{"start":{"line":44,"column":28},"end":{"line":44,"column":84}},"type":"binary-expr","locations":[{"start":{"line":44,"column":28},"end":{"line":44,"column":65}},{"start":{"line":44,"column":65},"end":{"line":44,"column":84}}],"line":44},"9":{"loc":{"start":{"line":50,"column":4},"end":{"line":50,"column":null}},"type":"if","locations":[{"start":{"line":50,"column":4},"end":{"line":50,"column":null}},{"start":{},"end":{}}],"line":50},"10":{"loc":{"start":{"line":55,"column":34},"end":{"line":55,"column":51}},"type":"binary-expr","locations":[{"start":{"line":55,"column":34},"end":{"line":55,"column":48}},{"start":{"line":55,"column":48},"end":{"line":55,"column":51}}],"line":55},"11":{"loc":{"start":{"line":59,"column":6},"end":{"line":66,"column":null}},"type":"if","locations":[{"start":{"line":59,"column":6},"end":{"line":66,"column":null}},{"start":{"line":63,"column":13},"end":{"line":66,"column":null}}],"line":59},"12":{"loc":{"start":{"line":61,"column":8},"end":{"line":61,"column":null}},"type":"if","locations":[{"start":{"line":61,"column":8},"end":{"line":61,"column":null}},{"start":{},"end":{}}],"line":61},"13":{"loc":{"start":{"line":62,"column":8},"end":{"line":62,"column":null}},"type":"if","locations":[{"start":{"line":62,"column":8},"end":{"line":62,"column":null}},{"start":{},"end":{}}],"line":62},"14":{"loc":{"start":{"line":70,"column":4},"end":{"line":72,"column":null}},"type":"if","locations":[{"start":{"line":70,"column":4},"end":{"line":72,"column":null}},{"start":{},"end":{}}],"line":70},"15":{"loc":{"start":{"line":71,"column":32},"end":{"line":71,"column":49}},"type":"binary-expr","locations":[{"start":{"line":71,"column":32},"end":{"line":71,"column":46}},{"start":{"line":71,"column":46},"end":{"line":71,"column":49}}],"line":71},"16":{"loc":{"start":{"line":82,"column":6},"end":{"line":113,"column":null}},"type":"if","locations":[{"start":{"line":82,"column":6},"end":{"line":113,"column":null}},{"start":{},"end":{}}],"line":82},"17":{"loc":{"start":{"line":87,"column":8},"end":{"line":112,"column":null}},"type":"if","locations":[{"start":{"line":87,"column":8},"end":{"line":112,"column":null}},{"start":{"line":97,"column":8},"end":{"line":112,"column":null}}],"line":87},"18":{"loc":{"start":{"line":89,"column":10},"end":{"line":96,"column":null}},"type":"if","locations":[{"start":{"line":89,"column":10},"end":{"line":96,"column":null}},{"start":{},"end":{}}],"line":89},"19":{"loc":{"start":{"line":89,"column":14},"end":{"line":89,"column":37}},"type":"binary-expr","locations":[{"start":{"line":89,"column":14},"end":{"line":89,"column":21}},{"start":{"line":89,"column":21},"end":{"line":89,"column":37}}],"line":89},"20":{"loc":{"start":{"line":91,"column":12},"end":{"line":91,"column":null}},"type":"if","locations":[{"start":{"line":91,"column":12},"end":{"line":91,"column":null}},{"start":{},"end":{}}],"line":91},"21":{"loc":{"start":{"line":91,"column":16},"end":{"line":91,"column":49}},"type":"binary-expr","locations":[{"start":{"line":91,"column":16},"end":{"line":91,"column":28}},{"start":{"line":91,"column":28},"end":{"line":91,"column":49}}],"line":91},"22":{"loc":{"start":{"line":93,"column":12},"end":{"line":95,"column":null}},"type":"if","locations":[{"start":{"line":93,"column":12},"end":{"line":95,"column":null}},{"start":{},"end":{}}],"line":93},"23":{"loc":{"start":{"line":97,"column":8},"end":{"line":112,"column":null}},"type":"if","locations":[{"start":{"line":97,"column":8},"end":{"line":112,"column":null}},{"start":{},"end":{}}],"line":97},"24":{"loc":{"start":{"line":97,"column":19},"end":{"line":97,"column":60}},"type":"binary-expr","locations":[{"start":{"line":97,"column":19},"end":{"line":97,"column":35}},{"start":{"line":97,"column":35},"end":{"line":97,"column":60}}],"line":97},"25":{"loc":{"start":{"line":100,"column":10},"end":{"line":111,"column":null}},"type":"if","locations":[{"start":{"line":100,"column":10},"end":{"line":111,"column":null}},{"start":{"line":107,"column":17},"end":{"line":111,"column":null}}],"line":100},"26":{"loc":{"start":{"line":103,"column":12},"end":{"line":103,"column":null}},"type":"if","locations":[{"start":{"line":103,"column":12},"end":{"line":103,"column":null}},{"start":{},"end":{}}],"line":103},"27":{"loc":{"start":{"line":103,"column":16},"end":{"line":103,"column":53}},"type":"binary-expr","locations":[{"start":{"line":103,"column":16},"end":{"line":103,"column":28}},{"start":{"line":103,"column":28},"end":{"line":103,"column":53}}],"line":103},"28":{"loc":{"start":{"line":104,"column":12},"end":{"line":106,"column":null}},"type":"if","locations":[{"start":{"line":104,"column":12},"end":{"line":106,"column":null}},{"start":{},"end":{}}],"line":104},"29":{"loc":{"start":{"line":109,"column":12},"end":{"line":109,"column":null}},"type":"if","locations":[{"start":{"line":109,"column":12},"end":{"line":109,"column":null}},{"start":{},"end":{}}],"line":109},"30":{"loc":{"start":{"line":109,"column":16},"end":{"line":109,"column":58}},"type":"binary-expr","locations":[{"start":{"line":109,"column":16},"end":{"line":109,"column":28}},{"start":{"line":109,"column":28},"end":{"line":109,"column":58}}],"line":109},"31":{"loc":{"start":{"line":120,"column":6},"end":{"line":133,"column":null}},"type":"if","locations":[{"start":{"line":120,"column":6},"end":{"line":133,"column":null}},{"start":{},"end":{}}],"line":120},"32":{"loc":{"start":{"line":126,"column":8},"end":{"line":132,"column":null}},"type":"if","locations":[{"start":{"line":126,"column":8},"end":{"line":132,"column":null}},{"start":{},"end":{}}],"line":126},"33":{"loc":{"start":{"line":126,"column":12},"end":{"line":126,"column":48}},"type":"binary-expr","locations":[{"start":{"line":126,"column":12},"end":{"line":126,"column":39}},{"start":{"line":126,"column":39},"end":{"line":126,"column":48}}],"line":126},"34":{"loc":{"start":{"line":128,"column":10},"end":{"line":128,"column":null}},"type":"if","locations":[{"start":{"line":128,"column":10},"end":{"line":128,"column":null}},{"start":{},"end":{}}],"line":128},"35":{"loc":{"start":{"line":128,"column":14},"end":{"line":128,"column":51}},"type":"binary-expr","locations":[{"start":{"line":128,"column":14},"end":{"line":128,"column":26}},{"start":{"line":128,"column":26},"end":{"line":128,"column":51}}],"line":128},"36":{"loc":{"start":{"line":129,"column":10},"end":{"line":131,"column":null}},"type":"if","locations":[{"start":{"line":129,"column":10},"end":{"line":131,"column":null}},{"start":{},"end":{}}],"line":129},"37":{"loc":{"start":{"line":137,"column":4},"end":{"line":140,"column":null}},"type":"if","locations":[{"start":{"line":137,"column":4},"end":{"line":140,"column":null}},{"start":{},"end":{}}],"line":137},"38":{"loc":{"start":{"line":138,"column":6},"end":{"line":138,"column":null}},"type":"if","locations":[{"start":{"line":138,"column":6},"end":{"line":138,"column":null}},{"start":{},"end":{}}],"line":138},"39":{"loc":{"start":{"line":143,"column":4},"end":{"line":164,"column":null}},"type":"if","locations":[{"start":{"line":143,"column":4},"end":{"line":164,"column":null}},{"start":{"line":158,"column":11},"end":{"line":164,"column":null}}],"line":143},"40":{"loc":{"start":{"line":149,"column":10},"end":{"line":155,"column":null}},"type":"if","locations":[{"start":{"line":149,"column":10},"end":{"line":155,"column":null}},{"start":{"line":152,"column":17},"end":{"line":155,"column":null}}],"line":149},"41":{"loc":{"start":{"line":162,"column":31},"end":{"line":162,"column":61}},"type":"cond-expr","locations":[{"start":{"line":162,"column":44},"end":{"line":162,"column":57}},{"start":{"line":162,"column":57},"end":{"line":162,"column":61}}],"line":162}},"s":{"0":5,"1":22,"2":18,"3":18,"4":18,"5":277,"6":18,"7":22,"8":36,"9":0,"10":36,"11":19,"12":17,"13":26,"14":0,"15":0,"16":0,"17":0,"18":0,"19":0,"20":0,"21":5,"22":21,"23":0,"24":21,"25":21,"26":21,"27":21,"28":18,"29":8,"30":1,"31":8,"32":7,"33":10,"34":21,"35":5,"36":21,"37":21,"38":55,"39":55,"40":52,"41":52,"42":25,"43":25,"44":25,"45":0,"46":25,"47":25,"48":22,"49":27,"50":22,"51":0,"52":0,"53":0,"54":0,"55":0,"56":22,"57":0,"58":22,"59":21,"60":55,"61":55,"62":26,"63":26,"64":26,"65":26,"66":20,"67":0,"68":20,"69":0,"70":21,"71":4,"72":2,"73":2,"74":17,"75":5,"76":5,"77":5,"78":8,"79":5,"80":3,"81":5,"82":12,"83":32,"84":36,"85":12},"f":{"0":22,"1":36,"2":26,"3":0,"4":0,"5":0,"6":21,"7":18,"8":55,"9":55,"10":5,"11":8,"12":32,"13":36},"b":{"0":[18,4],"1":[0,36],"2":[19,17],"3":[7,10],"4":[26,0],"5":[0,0],"6":[0,0],"7":[0,0],"8":[0,0],"9":[0,21],"10":[21,0],"11":[8,10],"12":[1,7],"13":[7,1],"14":[5,16],"15":[5,0],"16":[52,3],"17":[25,27],"18":[25,0],"19":[25,25],"20":[0,25],"21":[25,25],"22":[22,3],"23":[22,5],"24":[27,27],"25":[0,22],"26":[0,0],"27":[0,0],"28":[0,0],"29":[0,22],"30":[22,19],"31":[26,29],"32":[20,6],"33":[26,20],"34":[0,20],"35":[20,20],"36":[0,20],"37":[4,17],"38":[2,2],"39":[5,12],"40":[5,3],"41":[17,19]},"meta":{"lastBranch":42,"lastFunction":14,"lastStatement":86,"seen":{"s:10:47:10:Infinity":0,"f:11:9:11:20":0,"b:12:2:16:Infinity:undefined:undefined:undefined:undefined":0,"s:12:2:16:Infinity":1,"s:13:12:13:Infinity":2,"s:14:4:14:Infinity":3,"s:14:17:14:20":4,"s:14:42:14:Infinity":5,"s:15:4:15:Infinity":6,"s:17:2:17:Infinity":7,"f:22:9:22:23":1,"b:23:2:23:Infinity:undefined:undefined:undefined:undefined":1,"s:23:2:23:Infinity":8,"s:23:13:23:Infinity":9,"b:24:2:24:Infinity:undefined:undefined:undefined:undefined":2,"s:24:2:24:Infinity":10,"s:24:20:24:Infinity":11,"s:26:2:26:Infinity":12,"b:26:30:26:37:26:37:26:Infinity":3,"f:31:9:31:21":2,"s:32:2:32:Infinity":13,"b:32:9:32:50:32:50:32:Infinity":4,"f:37:9:37:21":3,"s:39:23:39:Infinity":14,"f:39:37:39:42":4,"s:39:42:39:103":15,"b:39:42:39:75:39:75:39:103":5,"b:40:2:40:Infinity:undefined:undefined:undefined:undefined":6,"s:40:2:40:Infinity":16,"s:40:20:40:Infinity":17,"s:43:25:43:Infinity":18,"b:43:50:43:61:43:61:43:Infinity":7,"s:44:2:44:Infinity":19,"f:44:23:44:28":5,"s:44:28:44:84":20,"b:44:28:44:65:44:65:44:84":8,"s:47:22:166:Infinity":21,"f:49:11:49:12":6,"b:50:4:50:Infinity:undefined:undefined:undefined:undefined":9,"s:50:4:50:Infinity":22,"s:50:24:50:Infinity":23,"s:53:18:53:Infinity":24,"s:54:19:54:Infinity":25,"s:55:20:55:Infinity":26,"b:55:34:55:48:55:48:55:51":10,"s:58:4:67:Infinity":27,"f:58:17:58:24":7,"b:59:6:66:Infinity:63:13:66:Infinity":11,"s:59:6:66:Infinity":28,"b:61:8:61:Infinity:undefined:undefined:undefined:undefined":12,"s:61:8:61:Infinity":29,"s:61:31:61:Infinity":30,"b:62:8:62:Infinity:undefined:undefined:undefined:undefined":13,"s:62:8:62:Infinity":31,"s:62:31:62:Infinity":32,"s:65:8:65:Infinity":33,"b:70:4:72:Infinity:undefined:undefined:undefined:undefined":14,"s:70:4:72:Infinity":34,"s:71:6:71:Infinity":35,"b:71:32:71:46:71:46:71:49":15,"s:75:18:75:Infinity":36,"s:78:4:114:Infinity":37,"f:78:26:78:34":8,"s:79:23:79:Infinity":38,"b:82:6:113:Infinity:undefined:undefined:undefined:undefined":16,"s:82:6:113:Infinity":39,"s:84:29:84:Infinity":40,"b:87:8:112:Infinity:97:8:112:Infinity":17,"s:87:8:112:Infinity":41,"s:88:22:88:Infinity":42,"b:89:10:96:Infinity:undefined:undefined:undefined:undefined":18,"s:89:10:96:Infinity":43,"b:89:14:89:21:89:21:89:37":19,"b:91:12:91:Infinity:undefined:undefined:undefined:undefined":20,"s:91:12:91:Infinity":44,"b:91:16:91:28:91:28:91:49":21,"s:91:49:91:Infinity":45,"s:92:29:92:Infinity":46,"b:93:12:95:Infinity:undefined:undefined:undefined:undefined":22,"s:93:12:95:Infinity":47,"s:94:14:94:Infinity":48,"b:97:8:112:Infinity:undefined:undefined:undefined:undefined":23,"s:97:8:112:Infinity":49,"b:97:19:97:35:97:35:97:60":24,"b:100:10:111:Infinity:107:17:111:Infinity":25,"s:100:10:111:Infinity":50,"s:101:28:101:Infinity":51,"b:103:12:103:Infinity:undefined:undefined:undefined:undefined":26,"s:103:12:103:Infinity":52,"b:103:16:103:28:103:28:103:53":27,"s:103:53:103:Infinity":53,"b:104:12:106:Infinity:undefined:undefined:undefined:undefined":28,"s:104:12:106:Infinity":54,"s:105:14:105:Infinity":55,"b:109:12:109:Infinity:undefined:undefined:undefined:undefined":29,"s:109:12:109:Infinity":56,"b:109:16:109:28:109:28:109:58":30,"s:109:58:109:Infinity":57,"s:110:12:110:Infinity":58,"s:117:4:134:Infinity":59,"f:117:26:117:34":9,"s:118:23:118:Infinity":60,"b:120:6:133:Infinity:undefined:undefined:undefined:undefined":31,"s:120:6:133:Infinity":61,"s:121:24:121:Infinity":62,"s:122:24:122:Infinity":63,"s:123:26:123:Infinity":64,"b:126:8:132:Infinity:undefined:undefined:undefined:undefined":32,"s:126:8:132:Infinity":65,"b:126:12:126:39:126:39:126:48":33,"b:128:10:128:Infinity:undefined:undefined:undefined:undefined":34,"s:128:10:128:Infinity":66,"b:128:14:128:26:128:26:128:51":35,"s:128:51:128:Infinity":67,"b:129:10:131:Infinity:undefined:undefined:undefined:undefined":36,"s:129:10:131:Infinity":68,"s:130:12:130:Infinity":69,"b:137:4:140:Infinity:undefined:undefined:undefined:undefined":37,"s:137:4:140:Infinity":70,"b:138:6:138:Infinity:undefined:undefined:undefined:undefined":38,"s:138:6:138:Infinity":71,"s:138:20:138:Infinity":72,"s:139:6:139:Infinity":73,"b:143:4:164:Infinity:158:11:164:Infinity":39,"s:143:4:164:Infinity":74,"s:145:16:145:Infinity":75,"s:146:6:156:Infinity":76,"f:147:14:147:15":10,"s:147:28:147:46":77,"f:148:17:148:18":11,"b:149:10:155:Infinity:152:17:155:Infinity":40,"s:149:10:155:Infinity":78,"s:151:12:151:Infinity":79,"s:154:12:154:Infinity":80,"s:157:6:157:Infinity":81,"s:160:20:162:Infinity":82,"f:161:14:161:15":12,"s:161:28:161:46":83,"f:162:13:162:14":13,"s:162:31:162:61":84,"b:162:44:162:57:162:57:162:61":41,"s:163:6:163:Infinity":85}}}
,"/home/pablo/cyberops-v2/src/commands/builtin/mkdir.ts": {"path":"/home/pablo/cyberops-v2/src/commands/builtin/mkdir.ts","statementMap":{"0":{"start":{"line":6,"column":25},"end":{"line":182,"column":null}},"1":{"start":{"line":10,"column":36},"end":{"line":10,"column":null}},"2":{"start":{"line":12,"column":4},"end":{"line":17,"column":null}},"3":{"start":{"line":13,"column":6},"end":{"line":16,"column":null}},"4":{"start":{"line":19,"column":24},"end":{"line":19,"column":null}},"5":{"start":{"line":20,"column":32},"end":{"line":20,"column":null}},"6":{"start":{"line":23,"column":4},"end":{"line":35,"column":null}},"7":{"start":{"line":23,"column":17},"end":{"line":23,"column":20}},"8":{"start":{"line":24,"column":18},"end":{"line":24,"column":null}},"9":{"start":{"line":25,"column":6},"end":{"line":34,"column":null}},"10":{"start":{"line":26,"column":8},"end":{"line":26,"column":null}},"11":{"start":{"line":27,"column":6},"end":{"line":34,"column":null}},"12":{"start":{"line":28,"column":8},"end":{"line":31,"column":null}},"13":{"start":{"line":33,"column":8},"end":{"line":33,"column":null}},"14":{"start":{"line":37,"column":4},"end":{"line":42,"column":null}},"15":{"start":{"line":38,"column":6},"end":{"line":41,"column":null}},"16":{"start":{"line":45,"column":21},"end":{"line":45,"column":null}},"17":{"start":{"line":46,"column":19},"end":{"line":46,"column":null}},"18":{"start":{"line":48,"column":30},"end":{"line":48,"column":null}},"19":{"start":{"line":50,"column":4},"end":{"line":175,"column":null}},"20":{"start":{"line":51,"column":6},"end":{"line":174,"column":null}},"21":{"start":{"line":55,"column":8},"end":{"line":69,"column":null}},"22":{"start":{"line":56,"column":10},"end":{"line":56,"column":null}},"23":{"start":{"line":57,"column":8},"end":{"line":69,"column":null}},"24":{"start":{"line":59,"column":10},"end":{"line":59,"column":null}},"25":{"start":{"line":60,"column":8},"end":{"line":69,"column":null}},"26":{"start":{"line":62,"column":10},"end":{"line":62,"column":null}},"27":{"start":{"line":63,"column":10},"end":{"line":63,"column":null}},"28":{"start":{"line":66,"column":26},"end":{"line":66,"column":null}},"29":{"start":{"line":67,"column":10},"end":{"line":67,"column":null}},"30":{"start":{"line":68,"column":10},"end":{"line":68,"column":null}},"31":{"start":{"line":72,"column":22},"end":{"line":72,"column":null}},"32":{"start":{"line":73,"column":37},"end":{"line":73,"column":null}},"33":{"start":{"line":74,"column":8},"end":{"line":80,"column":null}},"34":{"start":{"line":75,"column":10},"end":{"line":79,"column":null}},"35":{"start":{"line":76,"column":12},"end":{"line":76,"column":null}},"36":{"start":{"line":77,"column":10},"end":{"line":79,"column":null}},"37":{"start":{"line":78,"column":12},"end":{"line":78,"column":null}},"38":{"start":{"line":81,"column":8},"end":{"line":81,"column":null}},"39":{"start":{"line":84,"column":26},"end":{"line":84,"column":null}},"40":{"start":{"line":84,"column":50},"end":{"line":84,"column":78}},"41":{"start":{"line":85,"column":8},"end":{"line":88,"column":null}},"42":{"start":{"line":86,"column":10},"end":{"line":86,"column":null}},"43":{"start":{"line":87,"column":10},"end":{"line":87,"column":null}},"44":{"start":{"line":91,"column":8},"end":{"line":98,"column":null}},"45":{"start":{"line":92,"column":29},"end":{"line":92,"column":null}},"46":{"start":{"line":93,"column":30},"end":{"line":93,"column":null}},"47":{"start":{"line":93,"column":56},"end":{"line":93,"column":83}},"48":{"start":{"line":94,"column":10},"end":{"line":97,"column":null}},"49":{"start":{"line":95,"column":12},"end":{"line":95,"column":null}},"50":{"start":{"line":96,"column":12},"end":{"line":96,"column":null}},"51":{"start":{"line":101,"column":8},"end":{"line":170,"column":null}},"52":{"start":{"line":103,"column":24},"end":{"line":103,"column":null}},"53":{"start":{"line":103,"column":56},"end":{"line":103,"column":57}},"54":{"start":{"line":104,"column":28},"end":{"line":104,"column":null}},"55":{"start":{"line":106,"column":10},"end":{"line":120,"column":null}},"56":{"start":{"line":107,"column":12},"end":{"line":107,"column":null}},"57":{"start":{"line":108,"column":31},"end":{"line":108,"column":null}},"58":{"start":{"line":109,"column":32},"end":{"line":109,"column":null}},"59":{"start":{"line":109,"column":58},"end":{"line":109,"column":87}},"60":{"start":{"line":110,"column":30},"end":{"line":110,"column":null}},"61":{"start":{"line":110,"column":59},"end":{"line":110,"column":90}},"62":{"start":{"line":112,"column":12},"end":{"line":119,"column":null}},"63":{"start":{"line":114,"column":14},"end":{"line":118,"column":null}},"64":{"start":{"line":127,"column":28},"end":{"line":127,"column":null}},"65":{"start":{"line":127,"column":52},"end":{"line":127,"column":80}},"66":{"start":{"line":128,"column":10},"end":{"line":131,"column":null}},"67":{"start":{"line":129,"column":12},"end":{"line":129,"column":null}},"68":{"start":{"line":130,"column":12},"end":{"line":130,"column":null}},"69":{"start":{"line":134,"column":10},"end":{"line":141,"column":null}},"70":{"start":{"line":135,"column":31},"end":{"line":135,"column":null}},"71":{"start":{"line":136,"column":32},"end":{"line":136,"column":null}},"72":{"start":{"line":136,"column":58},"end":{"line":136,"column":85}},"73":{"start":{"line":137,"column":12},"end":{"line":140,"column":null}},"74":{"start":{"line":138,"column":14},"end":{"line":138,"column":null}},"75":{"start":{"line":139,"column":14},"end":{"line":139,"column":null}},"76":{"start":{"line":144,"column":10},"end":{"line":161,"column":null}},"77":{"start":{"line":146,"column":26},"end":{"line":146,"column":null}},"78":{"start":{"line":146,"column":58},"end":{"line":146,"column":59}},"79":{"start":{"line":147,"column":30},"end":{"line":147,"column":null}},"80":{"start":{"line":150,"column":12},"end":{"line":160,"column":null}},"81":{"start":{"line":150,"column":25},"end":{"line":150,"column":28}},"82":{"start":{"line":151,"column":14},"end":{"line":151,"column":null}},"83":{"start":{"line":153,"column":32},"end":{"line":153,"column":null}},"84":{"start":{"line":154,"column":35},"end":{"line":154,"column":null}},"85":{"start":{"line":154,"column":59},"end":{"line":154,"column":88}},"86":{"start":{"line":156,"column":14},"end":{"line":159,"column":null}},"87":{"start":{"line":157,"column":16},"end":{"line":157,"column":null}},"88":{"start":{"line":158,"column":16},"end":{"line":158,"column":null}},"89":{"start":{"line":165,"column":10},"end":{"line":169,"column":null}},"90":{"start":{"line":173,"column":8},"end":{"line":173,"column":null}},"91":{"start":{"line":177,"column":4},"end":{"line":180,"column":null}}},"fnMap":{"0":{"name":"(anonymous_0)","decl":{"start":{"line":9,"column":11},"end":{"line":9,"column":12}},"loc":{"start":{"line":9,"column":73},"end":{"line":181,"column":null}},"line":9},"1":{"name":"(anonymous_1)","decl":{"start":{"line":84,"column":45},"end":{"line":84,"column":50}},"loc":{"start":{"line":84,"column":50},"end":{"line":84,"column":78}},"line":84},"2":{"name":"(anonymous_2)","decl":{"start":{"line":93,"column":46},"end":{"line":93,"column":56}},"loc":{"start":{"line":93,"column":56},"end":{"line":93,"column":83}},"line":93},"3":{"name":"(anonymous_3)","decl":{"start":{"line":103,"column":51},"end":{"line":103,"column":56}},"loc":{"start":{"line":103,"column":56},"end":{"line":103,"column":57}},"line":103},"4":{"name":"(anonymous_4)","decl":{"start":{"line":109,"column":53},"end":{"line":109,"column":58}},"loc":{"start":{"line":109,"column":58},"end":{"line":109,"column":87}},"line":109},"5":{"name":"(anonymous_5)","decl":{"start":{"line":110,"column":47},"end":{"line":110,"column":48}},"loc":{"start":{"line":110,"column":59},"end":{"line":110,"column":90}},"line":110},"6":{"name":"(anonymous_6)","decl":{"start":{"line":127,"column":47},"end":{"line":127,"column":52}},"loc":{"start":{"line":127,"column":52},"end":{"line":127,"column":80}},"line":127},"7":{"name":"(anonymous_7)","decl":{"start":{"line":136,"column":48},"end":{"line":136,"column":58}},"loc":{"start":{"line":136,"column":58},"end":{"line":136,"column":85}},"line":136},"8":{"name":"(anonymous_8)","decl":{"start":{"line":146,"column":53},"end":{"line":146,"column":58}},"loc":{"start":{"line":146,"column":58},"end":{"line":146,"column":59}},"line":146},"9":{"name":"(anonymous_9)","decl":{"start":{"line":154,"column":54},"end":{"line":154,"column":59}},"loc":{"start":{"line":154,"column":59},"end":{"line":154,"column":88}},"line":154}},"branchMap":{"0":{"loc":{"start":{"line":12,"column":4},"end":{"line":17,"column":null}},"type":"if","locations":[{"start":{"line":12,"column":4},"end":{"line":17,"column":null}},{"start":{},"end":{}}],"line":12},"1":{"loc":{"start":{"line":25,"column":6},"end":{"line":34,"column":null}},"type":"if","locations":[{"start":{"line":25,"column":6},"end":{"line":34,"column":null}},{"start":{"line":27,"column":6},"end":{"line":34,"column":null}}],"line":25},"2":{"loc":{"start":{"line":27,"column":6},"end":{"line":34,"column":null}},"type":"if","locations":[{"start":{"line":27,"column":6},"end":{"line":34,"column":null}},{"start":{"line":32,"column":13},"end":{"line":34,"column":null}}],"line":27},"3":{"loc":{"start":{"line":37,"column":4},"end":{"line":42,"column":null}},"type":"if","locations":[{"start":{"line":37,"column":4},"end":{"line":42,"column":null}},{"start":{},"end":{}}],"line":37},"4":{"loc":{"start":{"line":45,"column":21},"end":{"line":45,"column":null}},"type":"binary-expr","locations":[{"start":{"line":45,"column":21},"end":{"line":45,"column":64}},{"start":{"line":45,"column":64},"end":{"line":45,"column":null}}],"line":45},"5":{"loc":{"start":{"line":46,"column":19},"end":{"line":46,"column":null}},"type":"binary-expr","locations":[{"start":{"line":46,"column":19},"end":{"line":46,"column":41}},{"start":{"line":46,"column":41},"end":{"line":46,"column":null}}],"line":46},"6":{"loc":{"start":{"line":55,"column":8},"end":{"line":69,"column":null}},"type":"if","locations":[{"start":{"line":55,"column":8},"end":{"line":69,"column":null}},{"start":{"line":57,"column":8},"end":{"line":69,"column":null}}],"line":55},"7":{"loc":{"start":{"line":57,"column":8},"end":{"line":69,"column":null}},"type":"if","locations":[{"start":{"line":57,"column":8},"end":{"line":69,"column":null}},{"start":{"line":60,"column":8},"end":{"line":69,"column":null}}],"line":57},"8":{"loc":{"start":{"line":59,"column":21},"end":{"line":59,"column":null}},"type":"cond-expr","locations":[{"start":{"line":59,"column":41},"end":{"line":59,"column":47}},{"start":{"line":59,"column":47},"end":{"line":59,"column":null}}],"line":59},"9":{"loc":{"start":{"line":60,"column":8},"end":{"line":69,"column":null}},"type":"if","locations":[{"start":{"line":60,"column":8},"end":{"line":69,"column":null}},{"start":{"line":64,"column":15},"end":{"line":69,"column":null}}],"line":60},"10":{"loc":{"start":{"line":63,"column":21},"end":{"line":63,"column":null}},"type":"cond-expr","locations":[{"start":{"line":63,"column":46},"end":{"line":63,"column":57}},{"start":{"line":63,"column":57},"end":{"line":63,"column":null}}],"line":63},"11":{"loc":{"start":{"line":66,"column":26},"end":{"line":66,"column":null}},"type":"binary-expr","locations":[{"start":{"line":66,"column":26},"end":{"line":66,"column":40}},{"start":{"line":66,"column":40},"end":{"line":66,"column":null}}],"line":66},"12":{"loc":{"start":{"line":68,"column":21},"end":{"line":68,"column":null}},"type":"cond-expr","locations":[{"start":{"line":68,"column":46},"end":{"line":68,"column":57}},{"start":{"line":68,"column":57},"end":{"line":68,"column":null}}],"line":68},"13":{"loc":{"start":{"line":75,"column":10},"end":{"line":79,"column":null}},"type":"if","locations":[{"start":{"line":75,"column":10},"end":{"line":79,"column":null}},{"start":{"line":77,"column":10},"end":{"line":79,"column":null}}],"line":75},"14":{"loc":{"start":{"line":77,"column":10},"end":{"line":79,"column":null}},"type":"if","locations":[{"start":{"line":77,"column":10},"end":{"line":79,"column":null}},{"start":{},"end":{}}],"line":77},"15":{"loc":{"start":{"line":81,"column":19},"end":{"line":81,"column":null}},"type":"cond-expr","locations":[{"start":{"line":81,"column":45},"end":{"line":81,"column":51}},{"start":{"line":81,"column":51},"end":{"line":81,"column":null}}],"line":81},"16":{"loc":{"start":{"line":85,"column":8},"end":{"line":88,"column":null}},"type":"if","locations":[{"start":{"line":85,"column":8},"end":{"line":88,"column":null}},{"start":{},"end":{}}],"line":85},"17":{"loc":{"start":{"line":91,"column":8},"end":{"line":98,"column":null}},"type":"if","locations":[{"start":{"line":91,"column":8},"end":{"line":98,"column":null}},{"start":{},"end":{}}],"line":91},"18":{"loc":{"start":{"line":94,"column":10},"end":{"line":97,"column":null}},"type":"if","locations":[{"start":{"line":94,"column":10},"end":{"line":97,"column":null}},{"start":{},"end":{}}],"line":94},"19":{"loc":{"start":{"line":94,"column":14},"end":{"line":94,"column":92}},"type":"binary-expr","locations":[{"start":{"line":94,"column":14},"end":{"line":94,"column":29}},{"start":{
[...]
33}},"loc":{"start":{"line":294,"column":64},"end":{"line":308,"column":null}},"line":294}},"branchMap":{"0":{"loc":{"start":{"line":55,"column":2},"end":{"line":55,"column":null}},"type":"if","locations":[{"start":{"line":55,"column":2},"end":{"line":55,"column":null}},{"start":{},"end":{}}],"line":55},"1":{"loc":{"start":{"line":58,"column":24},"end":{"line":58,"column":null}},"type":"cond-expr","locations":[{"start":{"line":58,"column":50},"end":{"line":58,"column":62}},{"start":{"line":58,"column":62},"end":{"line":58,"column":null}}],"line":58},"2":{"loc":{"start":{"line":63,"column":4},"end":{"line":77,"column":null}},"type":"if","locations":[{"start":{"line":63,"column":4},"end":{"line":77,"column":null}},{"start":{},"end":{}}],"line":63},"3":{"loc":{"start":{"line":66,"column":6},"end":{"line":76,"column":null}},"type":"if","locations":[{"start":{"line":66,"column":6},"end":{"line":76,"column":null}},{"start":{"line":73,"column":6},"end":{"line":76,"column":null}}],"line":66},"4":{"loc":{"start":{"line":70,"column":8},"end":{"line":72,"column":null}},"type":"if","locations":[{"start":{"line":70,"column":8},"end":{"line":72,"column":null}},{"start":{},"end":{}}],"line":70},"5":{"loc":{"start":{"line":70,"column":12},"end":{"line":70,"column":35}},"type":"binary-expr","locations":[{"start":{"line":70,"column":12},"end":{"line":70,"column":19}},{"start":{"line":70,"column":19},"end":{"line":70,"column":35}}],"line":70},"6":{"loc":{"start":{"line":73,"column":6},"end":{"line":76,"column":null}},"type":"if","locations":[{"start":{"line":73,"column":6},"end":{"line":76,"column":null}},{"start":{},"end":{}}],"line":73},"7":{"loc":{"start":{"line":73,"column":17},"end":{"line":73,"column":92}},"type":"binary-expr","locations":[{"start":{"line":73,"column":17},"end":{"line":73,"column":33}},{"start":{"line":73,"column":33},"end":{"line":73,"column":60}},{"start":{"line":73,"column":60},"end":{"line":73,"column":92}}],"line":73},"8":{"loc":{"start":{"line":100,"column":2},"end":{"line":100,"column":null}},"type":"if","locations":[{"start":{"line":100,"column":2},"end":{"line":100,"column":null}},{"start":{},"end":{}}],"line":100},"9":{"loc":{"start":{"line":129,"column":2},"end":{"line":131,"column":null}},"type":"if","locations":[{"start":{"line":129,"column":2},"end":{"line":131,"column":null}},{"start":{},"end":{}}],"line":129},"10":{"loc":{"start":{"line":135,"column":2},"end":{"line":138,"column":null}},"type":"if","locations":[{"start":{"line":135,"column":2},"end":{"line":138,"column":null}},{"start":{},"end":{}}],"line":135},"11":{"loc":{"start":{"line":140,"column":2},"end":{"line":144,"column":null}},"type":"if","locations":[{"start":{"line":140,"column":2},"end":{"line":144,"column":null}},{"start":{},"end":{}}],"line":140},"12":{"loc":{"start":{"line":142,"column":20},"end":{"line":142,"column":null}},"type":"cond-expr","locations":[{"start":{"line":142,"column":40},"end":{"line":142,"column":72}},{"start":{"line":142,"column":72},"end":{"line":142,"column":null}}],"line":142},"13":{"loc":{"start":{"line":146,"column":2},"end":{"line":149,"column":null}},"type":"if","locations":[{"start":{"line":146,"column":2},"end":{"line":149,"column":null}},{"start":{},"end":{}}],"line":146},"14":{"loc":{"start":{"line":159,"column":2},"end":{"line":162,"column":null}},"type":"if","locations":[{"start":{"line":159,"column":2},"end":{"line":162,"column":null}},{"start":{},"end":{}}],"line":159},"15":{"loc":{"start":{"line":168,"column":2},"end":{"line":186,"column":null}},"type":"if","locations":[{"start":{"line":168,"column":2},"end":{"line":186,"column":null}},{"start":{"line":173,"column":9},"end":{"line":186,"column":null}}],"line":168},"16":{"loc":{"start":{"line":171,"column":15},"end":{"line":171,"column":null}},"type":"binary-expr","locations":[{"start":{"line":171,"column":15},"end":{"line":171,"column":50}},{"start":{"line":171,"column":50},"end":{"line":171,"column":null}}],"line":171},"17":{"loc":{"start":{"line":175,"column":15},"end":{"line":175,"column":null}},"type":"cond-expr","locations":[{"start":{"line":175,"column":42},"end":{"line":175,"column":55}},{"start":{"line":175,"column":55},"end":{"line":175,"column":null}}],"line":175},"18":{"loc":{"start":{"line":178,"column":4},"end":{"line":185,"column":null}},"type":"if","locations":[{"start":{"line":178,"column":4},"end":{"line":185,"column":null}},{"start":{"line":182,"column":11},"end":{"line":185,"column":null}}],"line":178},"19":{"loc":{"start":{"line":195,"column":2},"end":{"line":197,"column":null}},"type":"if","locations":[{"start":{"line":195,"column":2},"end":{"line":197,"column":null}},{"start":{},"end":{}}],"line":195},"20":{"loc":{"start":{"line":238,"column":25},"end":{"line":240,"column":null}},"type":"cond-expr","locations":[{"start":{"line":239,"column":6},"end":{"line":239,"column":null}},{"start":{"line":240,"column":6},"end":{"line":240,"column":null}}],"line":238},"21":{"loc":{"start":{"line":242,"column":23},"end":{"line":242,"column":null}},"type":"cond-expr","locations":[{"start":{"line":242,"column":37},"end":{"line":242,"column":41}},{"start":{"line":242,"column":41},"end":{"line":242,"column":null}}],"line":242},"22":{"loc":{"start":{"line":247,"column":2},"end":{"line":256,"column":null}},"type":"if","locations":[{"start":{"line":247,"column":2},"end":{"line":256,"column":null}},{"start":{"line":250,"column":2},"end":{"line":256,"column":null}}],"line":247},"23":{"loc":{"start":{"line":250,"column":2},"end":{"line":256,"column":null}},"type":"if","locations":[{"start":{"line":250,"column":2},"end":{"line":256,"column":null}},{"start":{"line":253,"column":9},"end":{"line":256,"column":null}}],"line":250},"24":{"loc":{"start":{"line":260,"column":2},"end":{"line":268,"column":null}},"type":"if","locations":[{"start":{"line":260,"column":2},"end":{"line":268,"column":null}},{"start":{},"end":{}}],"line":260},"25":{"loc":{"start":{"line":265,"column":4},"end":{"line":267,"column":null}},"type":"if","locations":[{"start":{"line":265,"column":4},"end":{"line":267,"column":null}},{"start":{},"end":{}}],"line":265},"26":{"loc":{"start":{"line":265,"column":8},"end":{"line":265,"column":66}},"type":"binary-expr","locations":[{"start":{"line":265,"column":8},"end":{"line":265,"column":36}},{"start":{"line":265,"column":36},"end":{"line":265,"column":66}}],"line":265},"27":{"loc":{"start":{"line":295,"column":2},"end":{"line":295,"column":null}},"type":"if","locations":[{"start":{"line":295,"column":2},"end":{"line":295,"column":null}},{"start":{},"end":{}}],"line":295},"28":{"loc":{"start":{"line":296,"column":2},"end":{"line":296,"column":null}},"type":"if","locations":[{"start":{"line":296,"column":2},"end":{"line":296,"column":null}},{"start":{},"end":{}}],"line":296},"29":{"loc":{"start":{"line":303,"column":6},"end":{"line":303,"column":null}},"type":"if","locations":[{"start":{"line":303,"column":6},"end":{"line":303,"column":null}},{"start":{},"end":{}}],"line":303}},"s":{"0":2,"1":2,"2":7,"3":0,"4":7,"5":7,"6":7,"7":12,"8":12,"9":12,"10":12,"11":3,"12":3,"13":3,"14":9,"15":9,"16":7,"17":16,"18":2,"19":14,"20":14,"21":280,"22":0,"23":0,"24":0,"25":0,"26":0,"27":0,"28":0,"29":0,"30":0,"31":0,"32":0,"33":0,"34":0,"35":0,"36":0,"37":0,"38":0,"39":0,"40":0,"41":7,"42":3,"43":4,"44":2,"45":2,"46":2,"47":2,"48":2,"49":2,"50":0,"51":0,"52":2,"53":4,"54":4,"55":7,"56":4,"57":2,"58":2,"59":2,"60":10,"61":10,"62":10,"63":10,"64":10,"65":10,"66":10,"67":0,"68":10,"69":9,"70":1,"71":10,"72":10,"73":4,"74":4,"75":4,"76":0,"77":10,"78":10,"79":1,"80":9,"81":1,"82":8,"83":8,"84":8,"85":13,"86":19,"87":19,"88":1,"89":7},"f":{"0":7,"1":12,"2":16,"3":280,"4":0,"5":0,"6":0,"7":0,"8":0,"9":0,"10":0,"11":7,"12":7,"13":2,"14":10,"15":10},"b":{"0":[0,7],"1":[7,0],"2":[12,0],"3":[3,9],"4":[3,0],"5":[3,3],"6":[9,0],"7":[9,9,9],"8":[2,14],"9":[0,0],"10":[0,0],"11":[0,0],"12":[0,0],"13":[0,0],"14":[3,4],"15":[2,2],"16":[2,0],"17":[2,0],"18":[0,2],"19":[2,2],"20":[9,1],"21":[9,1],"22":[0,10],"23":[9,1],"24":[4,6],"25":[0,4],"26":[4,0],"27":[1,9],"28":[1,8],"29":[1,18]},"meta":{"lastBranch":30,"lastFunction":16,"lastStatement":90,"seen":{"s:10:21:12:Infinity":0,"s:14:27:35:Infinity":1,"f:54:9:54:29":0,"b:55:2:55:Infinity:undefined:undefined:undefined:undefined":0,"s:55:2:55:Infinity":2,"s:55:22:55:Infinity":3,"s:57:16:57:Infinity":4,"s:58:24:58:Infinity":5,"b:58:50:58:62:58:62:58:Infinity":1,"s:60:2:78:Infinity":6,"f:60:24:60:32":1,"s:61:21:61:Infinity":7,"b:63:4:77:Infinity:undefined:undefined:undefined:undefined":2,"s:63:4:77:Infinity":8,"s:64:27:64:Infinity":9,"b:66:6:76:Infinity:73:6:76:Infinity":3,"s:66:6:76:Infinity":10,"s:68:20:68:Infinity":11,"b:70:8:72:Infinity:undefined:undefined:undefined:undefined":4,"s:70:8:72:Infinity":12,"b:70:12:70:19:70:19:70:35":5,"s:71:10:71:Infinity":13,"b:73:6:76:Infinity:undefined:undefined:undefined:undefined":6,"s:73:6:76:Infinity":14,"b:73:17:73:33:73:33:73:60:73:60:73:92":7,"s:75:8:75:Infinity":15,"s:80:2:80:Infinity":16,"f:99:16:99:36":2,"b:100:2:100:Infinity:undefined:undefined:undefined:undefined":8,"s:100:2:100:Infinity":17,"s:100:16:100:Infinity":18,"s:102:23:102:Infinity":19,"s:103:2:103:Infinity":20,"f:103:35:103:42":3,"s:103:42:103:70":21,"f:126:16:126:32":4,"s:127:20:127:Infinity":22,"b:129:2:131:Infinity:undefined:undefined:undefined:undefined":9,"s:129:2:131:Infinity":23,"s:130:4:130:Infinity":24,"f:130:31:130:36":5,"s:130:36:130:59":25,"s:133:14:133:Infinity":26,"b:135:2:138:Infinity:undefined:undefined:undefined:undefined":10,"s:135:2:138:Infinity":27,"s:137:4:137:Infinity":28,"f:137:27:137:32":6,"s:137:32:137:38":29,"f:137:47:137:52":7,"s:137:52:137:75":30,"b:140:2:144:Infinity:undefined:undefined:undefined:undefined":11,"s:140:2:144:Infinity":31,"s:142:20:142:Infinity":32,"b:142:40:142:72:142:72:142:Infinity":12,"s:143:4:143:Infinity":33,"f:143:23:143:28":8,"s:143:28:143:43":34,"f:143:52:143:57":9,"s:143:57:143:89":35,"b:146:2:149:Infinity:undefined:undefined:undefined:undefined":13,"s:146:2:149:Infinity":36,"s:147:17:147:Infinity":37,"s:148:4:148:Infinity":38,"f:148:23:148:28":10,"s:148:28:148:51":39,"s:151:2:151:Infinity":40,"f:154:16:154:Infinity":11,"b:159:2:162:Infinity:undefined:undefined:undefined:undefined":14,"s:159:2:162:Infinity":41,"s:161:4:161:Infinity":42,"b:168:2:186:Infinity:173:9:186:Infinity":15,"s:168:2:186:Infinity":43,"s:170:22:170:Infinity":44,"s:171:4:171:Infinity":45,"b:171:15:171:50:171:50:171:Infinity":16,"s:172:4:172:Infinity":46,"s:175:4:175:Infinity":47,"b:175:42:175:55:175:55:175:Infinity":17,"s:176:22:176:Infinity":48,"b:178:4:185:Infinity:182:11:185:Infinity":18,"s:178:4:185:Infinity":49,"s:180:6:180:Infinity":50,"s:181:6:181:Infinity":51,"s:184:6:184:Infinity":52,"s:189:16:189:Infinity":53,"s:192:24:192:Infinity":54,"f:192:37:192:45":12,"s:192:45:192:68":55,"b:195:2:197:Infinity:undefined:undefined:undefined:undefined":19,"s:195:2:197:Infinity":56,"s:196:4:196:Infinity":57,"f:196:29:196:37":13,"s:196:37:196:52":58,"s:199:2:199:Infinity":59,"f:223:16:223:Infinity":14,"s:231:27:231:Infinity":60,"s:234:25:234:Infinity":61,"s:237:22:237:Infinity":62,"s:238:25:240:Infinity":63,"b:239:6:239:Infinity:240:6:240:Infinity":20,"s:242:23:242:Infinity":64,"b:242:37:242:41:242:41:242:Infinity":21,"s:243:21:243:Infinity":65,"b:247:2:256:Infinity:250:2:256:Infinity":22,"s:247:2:256:Infinity":66,"s:249:4:249:Infinity":67,"b:250:2:256:Infinity:253:9:256:Infinity":23,"s:250:2:256:Infinity":68,"s:252:4:252:Infinity":69,"s:255:4:255:Infinity":70,"s:259:22:259:Infinity":71,"b:260:2:268:Infinity:undefined:undefined:undefined:undefined":24,"s:260:2:268:Infinity":72,"s:261:23:261:Infinity":73,"s:262:4:262:Infinity":74,"b:265:4:267:Infinity:undefined:undefined:undefined:undefined":25,"s:265:4:267:Infinity":75,"b:265:8:265:36:265:36:265:66":26,"s:266:6:266:Infinity":76,"s:270:2:275:Infinity":77,"f:294:16:294:33":15,"b:295:2:295:Infinity:undefined:undefined:undefined:undefined":27,"s:295:2:295:Infinity":78,"s:295:32:295:Infinity":79,"b:296:2:296:Infinity:undefined:undefined:undefined:undefined":28,"s:296:2:296:Infinity":80,"s:296:32:296:Infinity":81,"s:298:15:298:Infinity":82,"s:300:2:305:Infinity":83,"s:300:15:300:18":84,"s:301:4:304:Infinity":85,"s:302:6:302:Infinity":86,"b:303:6:303:Infinity:undefined:undefined:undefined:undefined":29,"s:303:6:303:Infinity":87,"s:303:25:303:Infinity":88,"s:307:2:307:Infinity":89}}}
,"/home/pablo/cyberops-v2/src/utils/network.ts": {"path":"/home/pablo/cyberops-v2/src/utils/network.ts","statementMap":{"0":{"start":{"line":7,"column":18},"end":{"line":18,"column":null}},"1":{"start":{"line":25,"column":13},"end":{"line":25,"column":null}},"2":{"start":{"line":26,"column":2},"end":{"line":29,"column":null}},"3":{"start":{"line":26,"column":15},"end":{"line":26,"column":18}},"4":{"start":{"line":27,"column":4},"end":{"line":27,"column":null}},"5":{"start":{"line":28,"column":4},"end":{"line":28,"column":null}},"6":{"start":{"line":31,"column":2},"end":{"line":34,"column":null}},"7":{"start":{"line":32,"column":4},"end":{"line":32,"column":null}},"8":{"start":{"line":33,"column":4},"end":{"line":33,"column":null}},"9":{"start":{"line":42,"column":14},"end":{"line":42,"column":null}},"10":{"start":{"line":43,"column":21},"end":{"line":43,"column":null}},"11":{"start":{"line":44,"column":16},"end":{"line":44,"column":null}},"12":{"start":{"line":46,"column":2},"end":{"line":49,"column":null}},"13":{"start":{"line":48,"column":4},"end":{"line":48,"column":null}},"14":{"start":{"line":51,"column":18},"end":{"line":51,"column":null}},"15":{"start":{"line":54,"column":2},"end":{"line":57,"column":null}},"16":{"start":{"line":55,"column":19},"end":{"line":55,"column":null}},"17":{"start":{"line":56,"column":4},"end":{"line":56,"column":null}},"18":{"start":{"line":59,"column":2},"end":{"line":59,"column":null}},"19":{"start":{"line":68,"column":2},"end":{"line":100,"column":null}},"20":{"start":{"line":69,"column":20},"end":{"line":69,"column":null}},"21":{"start":{"line":71,"column":4},"end":{"line":95,"column":null}},"22":{"start":{"line":73,"column":6},"end":{"line":76,"column":null}},"23":{"start":{"line":74,"column":8},"end":{"line":74,"column":null}},"24":{"start":{"line":75,"column":8},"end":{"line":75,"column":null}},"25":{"start":{"line":80,"column":21},"end":{"line":80,"column":null}},"26":{"start":{"line":81,"column":6},"end":{"line":84,"column":null}},"27":{"start":{"line":82,"column":8},"end":{"line":82,"column":null}},"28":{"start":{"line":83,"column":8},"end":{"line":83,"column":null}},"29":{"start":{"line":86,"column":6},"end":{"line":86,"column":null}},"30":{"start":{"line":88,"column":6},"end":{"line":94,"column":null}},"31":{"start":{"line":97,"column":4},"end":{"line":97,"column":null}},"32":{"start":{"line":99,"column":4},"end":{"line":99,"column":null}},"33":{"start":{"line":107,"column":26},"end":{"line":114,"column":null}},"34":{"start":{"line":108,"column":17},"end":{"line":108,"column":null}},"35":{"start":{"line":109,"column":13},"end":{"line":109,"column":null}},"36":{"start":{"line":110,"column":2},"end":{"line":113,"column":null}},"37":{"start":{"line":110,"column":28},"end":{"line":113,"column":4}}},"fnMap":{"0":{"name":"seededRandom","decl":{"start":{"line":24,"column":9},"end":{"line":24,"column":22}},"loc":{"start":{"line":24,"column":50},"end":{"line":35,"column":null}},"line":24},"1":{"name":"(anonymous_1)","decl":{"start":{"line":31,"column":9},"end":{"line":31,"column":15}},"loc":{"start":{"line":31,"column":15},"end":{"line":34,"column":null}},"line":31},"2":{"name":"generateRandomIP","decl":{"start":{"line":41,"column":16},"end":{"line":41,"column":33}},"loc":{"start":{"line":41,"column":83},"end":{"line":60,"column":null}},"line":41},"3":{"name":"assignDynamicIPs","decl":{"start":{"line":67,"column":16},"end":{"line":67,"column":33}},"loc":{"start":{"line":67,"column":85},"end":{"line":101,"column":null}},"line":67},"4":{"name":"(anonymous_4)","decl":{"start":{"line":71,"column":24},"end":{"line":71,"column":25}},"loc":{"start":{"line":71,"column":44},"end":{"line":95,"column":5}},"line":71},"5":{"name":"(anonymous_5)","decl":{"start":{"line":107,"column":26},"end":{"line":107,"column":27}},"loc":{"start":{"line":107,"column":84},"end":{"line":114,"column":null}},"line":107},"6":{"name":"(anonymous_6)","decl":{"start":{"line":110,"column":22},"end":{"line":110,"column":28}},"loc":{"start":{"line":110,"column":28},"end":{"line":113,"column":4}},"line":110}},"branchMap":{"0":{"loc":{"start":{"line":46,"column":2},"end":{"line":49,"column":null}},"type":"if","locations":[{"start":{"line":46,"column":2},"end":{"line":49,"column":null}},{"start":{},"end":{}}],"line":46},"1":{"loc":{"start":{"line":46,"column":6},"end":{"line":46,"column":68}},"type":"binary-expr","locations":[{"start":{"line":46,"column":6},"end":{"line":46,"column":16}},{"start":{"line":46,"column":16},"end":{"line":46,"column":43}},{"start":{"line":46,"column":43},"end":{"line":46,"column":68}}],"line":46},"2":{"loc":{"start":{"line":54,"column":2},"end":{"line":57,"column":null}},"type":"if","locations":[{"start":{"line":54,"column":2},"end":{"line":57,"column":null}},{"start":{},"end":{}}],"line":54},"3":{"loc":{"start":{"line":54,"column":6},"end":{"line":54,"column":49}},"type":"binary-expr","locations":[{"start":{"line":54,"column":6},"end":{"line":54,"column":23}},{"start":{"line":54,"column":23},"end":{"line":54,"column":49}}],"line":54},"4":{"loc":{"start":{"line":73,"column":6},"end":{"line":76,"column":null}},"type":"if","locations":[{"start":{"line":73,"column":6},"end":{"line":76,"column":null}},{"start":{},"end":{}}],"line":73},"5":{"loc":{"start":{"line":73,"column":10},"end":{"line":73,"column":73}},"type":"binary-expr","locations":[{"start":{"line":73,"column":10},"end":{"line":73,"column":37}},{"start":{"line":73,"column":37},"end":{"line":73,"column":73}}],"line":73},"6":{"loc":{"start":{"line":84,"column":15},"end":{"line":84,"column":null}},"type":"binary-expr","locations":[{"start":{"line":84,"column":15},"end":{"line":84,"column":34}},{"start":{"line":84,"column":34},"end":{"line":84,"column":null}}],"line":84}},"s":{"0":41,"1":15,"2":15,"3":15,"4":380,"5":380,"6":15,"7":16,"8":16,"9":15,"10":15,"11":15,"12":15,"13":14,"14":1,"15":1,"16":0,"17":0,"18":1,"19":6,"20":6,"21":6,"22":12,"23":4,"24":4,"25":8,"26":8,"27":8,"28":8,"29":12,"30":12,"31":0,"32":0,"33":41,"34":208,"35":208,"36":208,"37":414},"f":{"0":15,"1":16,"2":15,"3":6,"4":12,"5":208,"6":414},"b":{"0":[14,1],"1":[15,1,1],"2":[0,1],"3":[1,0],"4":[4,8],"5":[12,4],"6":[8,0]},"meta":{"lastBranch":7,"lastFunction":7,"lastStatement":38,"seen":{"s:7:18:18:Infinity":0,"f:24:9:24:22":0,"s:25:13:25:Infinity":1,"s:26:2:29:Infinity":2,"s:26:15:26:18":3,"s:27:4:27:Infinity":4,"s:28:4:28:Infinity":5,"s:31:2:34:Infinity":6,"f:31:9:31:15":1,"s:32:4:32:Infinity":7,"s:33:4:33:Infinity":8,"f:41:16:41:33":2,"s:42:14:42:Infinity":9,"s:43:21:43:Infinity":10,"s:44:16:44:Infinity":11,"b:46:2:49:Infinity:undefined:undefined:undefined:undefined":0,"s:46:2:49:Infinity":12,"b:46:6:46:16:46:16:46:43:46:43:46:68":1,"s:48:4:48:Infinity":13,"s:51:18:51:Infinity":14,"b:54:2:57:Infinity:undefined:undefined:undefined:undefined":2,"s:54:2:57:Infinity":15,"b:54:6:54:23:54:23:54:49":3,"s:55:19:55:Infinity":16,"s:56:4:56:Infinity":17,"s:59:2:59:Infinity":18,"f:67:16:67:33":3,"s:68:2:100:Infinity":19,"s:69:20:69:Infinity":20,"s:71:4:95:Infinity":21,"f:71:24:71:25":4,"b:73:6:76:Infinity:undefined:undefined:undefined:undefined":4,"s:73:6:76:Infinity":22,"b:73:10:73:37:73:37:73:73":5,"s:74:8:74:Infinity":23,"s:75:8:75:Infinity":24,"s:80:21:80:Infinity":25,"s:81:6:84:Infinity":26,"s:82:8:82:Infinity":27,"s:83:8:83:Infinity":28,"b:84:15:84:34:84:34:84:Infinity":6,"s:86:6:86:Infinity":29,"s:88:6:94:Infinity":30,"s:97:4:97:Infinity":31,"s:99:4:99:Infinity":32,"s:107:26:114:Infinity":33,"f:107:26:107:27":5,"s:108:17:108:Infinity":34,"s:109:13:109:Infinity":35,"s:110:2:113:Infinity":36,"f:110:22:110:28":6,"s:110:28:113:4":37}}}
}
